\BOOKMARK [1][-]{section.1}{Vorwort}{}% 1
\BOOKMARK [1][-]{section.2}{Rezepte}{}% 2
\BOOKMARK [2][-]{section*.2}{Porridge}{section.2}% 3
\BOOKMARK [3][-]{section*.3}{Gr\374ner Salat mit Joghurtdressing}{section*.2}% 4
\BOOKMARK [3][-]{section*.4}{Rag\371 alla Bolognese}{section*.2}% 5
\BOOKMARK [3][-]{section*.5}{vegetarische Bolognese}{section*.2}% 6
\BOOKMARK [3][-]{section*.6}{Griechischer Salat}{section*.2}% 7
\BOOKMARK [3][-]{section*.7}{Gem\374securry}{section*.2}% 8
\BOOKMARK [3][-]{section*.8}{Chili sin Carne}{section*.2}% 9
\BOOKMARK [3][-]{section*.9}{Gurkensalat}{section*.2}% 10
\BOOKMARK [3][-]{section*.10}{Bratkartoffeln mit Sour-Cream}{section*.2}% 11
\BOOKMARK [3][-]{section*.11}{Kartoffelgulasch}{section*.2}% 12
\BOOKMARK [3][-]{section*.12}{Sp\344tzle mit Linsen}{section*.2}% 13
\BOOKMARK [3][-]{section*.13}{Krautnudeln}{section*.2}% 14
\BOOKMARK [3][-]{section*.14}{Gem\374seeintopf}{section*.2}% 15
\BOOKMARK [3][-]{section*.15}{T\374rkische Linsensuppe}{section*.2}% 16
\BOOKMARK [3][-]{section*.16}{Spinat-Sahne-Sauce mit Nudeln}{section*.2}% 17
\BOOKMARK [3][-]{section*.17}{Schinken-Sahne-Sauce mit Nudeln}{section*.2}% 18
\BOOKMARK [3][-]{section*.18}{Eier in Senfsauce}{section*.2}% 19
\BOOKMARK [3][-]{section*.19}{Gr\374ne Sauce mit Kartoffeln}{section*.2}% 20
\BOOKMARK [3][-]{section*.20}{Kartoffelsalat aus Lettland}{section*.2}% 21
\BOOKMARK [3][-]{section*.21}{K\344sesp\344tzle}{section*.2}% 22
\BOOKMARK [3][-]{section*.22}{Risotto}{section*.2}% 23
\BOOKMARK [3][-]{section*.23}{Milchreis}{section*.2}% 24
\BOOKMARK [1][-]{section.3}{K\374chen-SOS - Was tun, wenn...}{}% 25
\BOOKMARK [1][-]{section.4}{Un-8.5-.25exn\374tzliches K\374chenwissen}{}% 26
