This is pdfTeX, Version 3.14159265-2.6-1.40.16 (TeX Live 2015) (preloaded format=pdflatex 2016.5.31)  23 JUL 2016 09:39
entering extended mode
 restricted \write18 enabled.
 file:line:error style messages enabled.
 %&-line parsing enabled.
**Kochbuch.tex
(./Kochbuch.tex
LaTeX2e <2016/03/31>
Babel <3.9q> and hyphenation patterns for 81 language(s) loaded.
(/usr/local/texlive/2015/texmf-dist/tex/latex/base/article.cls
Document Class: article 2014/09/29 v1.4h Standard LaTeX document class
(/usr/local/texlive/2015/texmf-dist/tex/latex/base/size12.clo
File: size12.clo 2014/09/29 v1.4h Standard LaTeX file (size option)
)
\c@part=\count79
\c@section=\count80
\c@subsection=\count81
\c@subsubsection=\count82
\c@paragraph=\count83
\c@subparagraph=\count84
\c@figure=\count85
\c@table=\count86
\abovecaptionskip=\skip41
\belowcaptionskip=\skip42
\bibindent=\dimen102
)
(/usr/local/texlive/2015/texmf-dist/tex/latex/rotating/rotating.sty
Package: rotating 2009/03/28 v2.16a rotated objects in LaTeX

(/usr/local/texlive/2015/texmf-dist/tex/latex/graphics/graphicx.sty
Package: graphicx 2014/10/28 v1.0g Enhanced LaTeX Graphics (DPC,SPQR)

(/usr/local/texlive/2015/texmf-dist/tex/latex/graphics/keyval.sty
Package: keyval 2014/10/28 v1.15 key=value parser (DPC)
\KV@toks@=\toks14
)
(/usr/local/texlive/2015/texmf-dist/tex/latex/graphics/graphics.sty
Package: graphics 2016/01/03 v1.0q Standard LaTeX Graphics (DPC,SPQR)

(/usr/local/texlive/2015/texmf-dist/tex/latex/graphics/trig.sty
Package: trig 2016/01/03 v1.10 sin cos tan (DPC)
)
(/usr/local/texlive/2015/texmf-dist/tex/latex/latexconfig/graphics.cfg
File: graphics.cfg 2010/04/23 v1.9 graphics configuration of TeX Live
)
Package graphics Info: Driver file: pdftex.def on input line 95.

(/usr/local/texlive/2015/texmf-dist/tex/latex/pdftex-def/pdftex.def
File: pdftex.def 2011/05/27 v0.06d Graphics/color for pdfTeX

(/usr/local/texlive/2015/texmf-dist/tex/generic/oberdiek/infwarerr.sty
Package: infwarerr 2010/04/08 v1.3 Providing info/warning/error messages (HO)
)
(/usr/local/texlive/2015/texmf-dist/tex/generic/oberdiek/ltxcmds.sty
Package: ltxcmds 2011/11/09 v1.22 LaTeX kernel commands for general use (HO)
)
\Gread@gobject=\count87
))
\Gin@req@height=\dimen103
\Gin@req@width=\dimen104
)
(/usr/local/texlive/2015/texmf-dist/tex/latex/base/ifthen.sty
Package: ifthen 2014/09/29 v1.1c Standard LaTeX ifthen package (DPC)
)
\c@r@tfl@t=\count88
\rotFPtop=\skip43
\rotFPbot=\skip44
\rot@float@box=\box26
\rot@mess@toks=\toks15
)
(/usr/local/texlive/2015/texmf-dist/tex/latex/graphics/color.sty
Package: color 2016/01/03 v1.1b Standard LaTeX Color (DPC)

(/usr/local/texlive/2015/texmf-dist/tex/latex/latexconfig/color.cfg
File: color.cfg 2007/01/18 v1.5 color configuration of teTeX/TeXLive
)
Package color Info: Driver file: pdftex.def on input line 143.
)
(/usr/local/texlive/2015/texmf-dist/tex/latex/xcolor/xcolor.sty
Package: xcolor 2007/01/21 v2.11 LaTeX color extensions (UK)

(/usr/local/texlive/2015/texmf-dist/tex/latex/latexconfig/color.cfg
File: color.cfg 2007/01/18 v1.5 color configuration of teTeX/TeXLive
)
Package xcolor Info: Driver file: pdftex.def on input line 225.

(/usr/local/texlive/2015/texmf-dist/tex/latex/colortbl/colortbl.sty
Package: colortbl 2012/02/13 v1.0a Color table columns (DPC)

(/usr/local/texlive/2015/texmf-dist/tex/latex/tools/array.sty
Package: array 2014/10/28 v2.4c Tabular extension package (FMi)
\col@sep=\dimen105
\extrarowheight=\dimen106
\NC@list=\toks16
\extratabsurround=\skip45
\backup@length=\skip46
)
\everycr=\toks17
\minrowclearance=\skip47
)
LaTeX Info: Redefining \color on input line 702.
\rownum=\count89
Package xcolor Info: Model `cmy' substituted by `cmy0' on input line 1337.
Package xcolor Info: Model `hsb' substituted by `rgb' on input line 1341.
Package xcolor Info: Model `RGB' extended on input line 1353.
Package xcolor Info: Model `HTML' substituted by `rgb' on input line 1355.
Package xcolor Info: Model `Hsb' substituted by `hsb' on input line 1356.
Package xcolor Info: Model `tHsb' substituted by `hsb' on input line 1357.
Package xcolor Info: Model `HSB' substituted by `hsb' on input line 1358.
Package xcolor Info: Model `Gray' substituted by `gray' on input line 1359.
Package xcolor Info: Model `wave' substituted by `hsb' on input line 1360.
)
(/usr/local/texlive/2015/texmf-dist/tex/latex/base/fontenc.sty
Package: fontenc 2005/09/27 v1.99g Standard LaTeX package

(/usr/local/texlive/2015/texmf-dist/tex/latex/base/t1enc.def
File: t1enc.def 2005/09/27 v1.99g Standard LaTeX file
LaTeX Font Info:    Redeclaring font encoding T1 on input line 48.
))
(/usr/local/texlive/2015/texmf-dist/tex/latex/base/inputenc.sty
Package: inputenc 2015/03/17 v1.2c Input encoding file
\inpenc@prehook=\toks18
\inpenc@posthook=\toks19

(/usr/local/texlive/2015/texmf-dist/tex/latex/base/utf8.def
File: utf8.def 2016/02/28 v1.1s UTF-8 support for inputenc
Now handling font encoding OML ...
... no UTF-8 mapping file for font encoding OML
Now handling font encoding T1 ...
... processing UTF-8 mapping file for font encoding T1

(/usr/local/texlive/2015/texmf-dist/tex/latex/base/t1enc.dfu
File: t1enc.dfu 2016/02/28 v1.1s UTF-8 support for inputenc
   defining Unicode char U+00A0 (decimal 160)
   defining Unicode char U+00A1 (decimal 161)
   defining Unicode char U+00A3 (decimal 163)
   defining Unicode char U+00AB (decimal 171)
   defining Unicode char U+00AD (decimal 173)
   defining Unicode char U+00BB (decimal 187)
   defining Unicode char U+00BF (decimal 191)
   defining Unicode char U+00C0 (decimal 192)
   defining Unicode char U+00C1 (decimal 193)
   defining Unicode char U+00C2 (decimal 194)
   defining Unicode char U+00C3 (decimal 195)
   defining Unicode char U+00C4 (decimal 196)
   defining Unicode char U+00C5 (decimal 197)
   defining Unicode char U+00C6 (decimal 198)
   defining Unicode char U+00C7 (decimal 199)
   defining Unicode char U+00C8 (decimal 200)
   defining Unicode char U+00C9 (decimal 201)
   defining Unicode char U+00CA (decimal 202)
   defining Unicode char U+00CB (decimal 203)
   defining Unicode char U+00CC (decimal 204)
   defining Unicode char U+00CD (decimal 205)
   defining Unicode char U+00CE (decimal 206)
   defining Unicode char U+00CF (decimal 207)
   defining Unicode char U+00D0 (decimal 208)
   defining Unicode char U+00D1 (decimal 209)
   defining Unicode char U+00D2 (decimal 210)
   defining Unicode char U+00D3 (decimal 211)
   defining Unicode char U+00D4 (decimal 212)
   defining Unicode char U+00D5 (decimal 213)
   defining Unicode char U+00D6 (decimal 214)
   defining Unicode char U+00D8 (decimal 216)
   defining Unicode char U+00D9 (decimal 217)
   defining Unicode char U+00DA (decimal 218)
   defining Unicode char U+00DB (decimal 219)
   defining Unicode char U+00DC (decimal 220)
   defining Unicode char U+00DD (decimal 221)
   defining Unicode char U+00DE (decimal 222)
   defining Unicode char U+00DF (decimal 223)
   defining Unicode char U+00E0 (decimal 224)
   defining Unicode char U+00E1 (decimal 225)
   defining Unicode char U+00E2 (decimal 226)
   defining Unicode char U+00E3 (decimal 227)
   defining Unicode char U+00E4 (decimal 228)
   defining Unicode char U+00E5 (decimal 229)
   defining Unicode char U+00E6 (decimal 230)
   defining Unicode char U+00E7 (decimal 231)
   defining Unicode char U+00E8 (decimal 232)
   defining Unicode char U+00E9 (decimal 233)
   defining Unicode char U+00EA (decimal 234)
   defining Unicode char U+00EB (decimal 235)
   defining Unicode char U+00EC (decimal 236)
   defining Unicode char U+00ED (decimal 237)
   defining Unicode char U+00EE (decimal 238)
   defining Unicode char U+00EF (decimal 239)
   defining Unicode char U+00F0 (decimal 240)
   defining Unicode char U+00F1 (decimal 241)
   defining Unicode char U+00F2 (decimal 242)
   defining Unicode char U+00F3 (decimal 243)
   defining Unicode char U+00F4 (decimal 244)
   defining Unicode char U+00F5 (decimal 245)
   defining Unicode char U+00F6 (decimal 246)
   defining Unicode char U+00F8 (decimal 248)
   defining Unicode char U+00F9 (decimal 249)
   defining Unicode char U+00FA (decimal 250)
   defining Unicode char U+00FB (decimal 251)
   defining Unicode char U+00FC (decimal 252)
   defining Unicode char U+00FD (decimal 253)
   defining Unicode char U+00FE (decimal 254)
   defining Unicode char U+00FF (decimal 255)
   defining Unicode char U+0100 (decimal 256)
   defining Unicode char U+0101 (decimal 257)
   defining Unicode char U+0102 (decimal 258)
   defining Unicode char U+0103 (decimal 259)
   defining Unicode char U+0104 (decimal 260)
   defining Unicode char U+0105 (decimal 261)
   defining Unicode char U+0106 (decimal 262)
   defining Unicode char U+0107 (decimal 263)
   defining Unicode char U+0108 (decimal 264)
   defining Unicode char U+0109 (decimal 265)
   defining Unicode char U+010A (decimal 266)
   defining Unicode char U+010B (decimal 267)
   defining Unicode char U+010C (decimal 268)
   defining Unicode char U+010D (decimal 269)
   defining Unicode char U+010E (decimal 270)
   defining Unicode char U+010F (decimal 271)
   defining Unicode char U+0110 (decimal 272)
   defining Unicode char U+0111 (decimal 273)
   defining Unicode char U+0112 (decimal 274)
   defining Unicode char U+0113 (decimal 275)
   defining Unicode char U+0114 (decimal 276)
   defining Unicode char U+0115 (decimal 277)
   defining Unicode char U+0116 (decimal 278)
   defining Unicode char U+0117 (decimal 279)
   defining Unicode char U+0118 (decimal 280)
   defining Unicode char U+0119 (decimal 281)
   defining Unicode char U+011A (decimal 282)
   defining Unicode char U+011B (decimal 283)
   defining Unicode char U+011C (decimal 284)
   defining Unicode char U+011D (decimal 285)
   defining Unicode char U+011E (decimal 286)
   defining Unicode char U+011F (decimal 287)
   defining Unicode char U+0120 (decimal 288)
   defining Unicode char U+0121 (decimal 289)
   defining Unicode char U+0122 (decimal 290)
   defining Unicode char U+0123 (decimal 291)
   defining Unicode char U+0124 (decimal 292)
   defining Unicode char U+0125 (decimal 293)
   defining Unicode char U+0128 (decimal 296)
   defining Unicode char U+0129 (decimal 297)
   defining Unicode char U+012A (decimal 298)
   defining Unicode char U+012B (decimal 299)
   defining Unicode char U+012C (decimal 300)
   defining Unicode char U+012D (decimal 301)
   defining Unicode char U+012E (decimal 302)
   defining Unicode char U+012F (decimal 303)
   defining Unicode char U+0130 (decimal 304)
   defining Unicode char U+0131 (decimal 305)
   defining Unicode char U+0132 (decimal 306)
   defining Unicode char U+0133 (decimal 307)
   defining Unicode char U+0134 (decimal 308)
   defining Unicode char U+0135 (decimal 309)
   defining Unicode char U+0136 (decimal 310)
   defining Unicode char U+0137 (decimal 311)
   defining Unicode char U+0139 (decimal 313)
   defining Unicode char U+013A (decimal 314)
   defining Unicode char U+013B (decimal 315)
   defining Unicode char U+013C (decimal 316)
   defining Unicode char U+013D (decimal 317)
   defining Unicode char U+013E (decimal 318)
   defining Unicode char U+0141 (decimal 321)
   defining Unicode char U+0142 (decimal 322)
   defining Unicode char U+0143 (decimal 323)
   defining Unicode char U+0144 (decimal 324)
   defining Unicode char U+0145 (decimal 325)
   defining Unicode char U+0146 (decimal 326)
   defining Unicode char U+0147 (decimal 327)
   defining Unicode char U+0148 (decimal 328)
   defining Unicode char U+014A (decimal 330)
   defining Unicode char U+014B (decimal 331)
   defining Unicode char U+014C (decimal 332)
   defining Unicode char U+014D (decimal 333)
   defining Unicode char U+014E (decimal 334)
   defining Unicode char U+014F (decimal 335)
   defining Unicode char U+0150 (decimal 336)
   defining Unicode char U+0151 (decimal 337)
   defining Unicode char U+0152 (decimal 338)
   defining Unicode char U+0153 (decimal 339)
   defining Unicode char U+0154 (decimal 340)
   defining Unicode char U+0155 (decimal 341)
   defining Unicode char U+0156 (decimal 342)
   defining Unicode char U+0157 (decimal 343)
   defining Unicode char U+0158 (decimal 344)
   defining Unicode char U+0159 (decimal 345)
   defining Unicode char U+015A (decimal 346)
   defining Unicode char U+015B (decimal 347)
   defining Unicode char U+015C (decimal 348)
   defining Unicode char U+015D (decimal 349)
   defining Unicode char U+015E (decimal 350)
   defining Unicode char U+015F (decimal 351)
   defining Unicode char U+0160 (decimal 352)
   defining Unicode char U+0161 (decimal 353)
   defining Unicode char U+0162 (decimal 354)
   defining Unicode char U+0163 (decimal 355)
   defining Unicode char U+0164 (decimal 356)
   defining Unicode char U+0165 (decimal 357)
   defining Unicode char U+0168 (decimal 360)
   defining Unicode char U+0169 (decimal 361)
   defining Unicode char U+016A (decimal 362)
   defining Unicode char U+016B (decimal 363)
   defining Unicode char U+016C (decimal 364)
   defining Unicode char U+016D (decimal 365)
   defining Unicode char U+016E (decimal 366)
   defining Unicode char U+016F (decimal 367)
   defining Unicode char U+0170 (decimal 368)
   defining Unicode char U+0171 (decimal 369)
   defining Unicode char U+0172 (decimal 370)
   defining Unicode char U+0173 (decimal 371)
   defining Unicode char U+0174 (decimal 372)
   defining Unicode char U+0175 (decimal 373)
   defining Unicode char U+0176 (decimal 374)
   defining Unicode char U+0177 (decimal 375)
   defining Unicode char U+0178 (decimal 376)
   defining Unicode char U+0179 (decimal 377)
   defining Unicode char U+017A (decimal 378)
   defining Unicode char U+017B (decimal 379)
   defining Unicode char U+017C (decimal 380)
   defining Unicode char U+017D (decimal 381)
   defining Unicode char U+017E (decimal 382)
   defining Unicode char U+01CD (decimal 461)
   defining Unicode char U+01CE (decimal 462)
   defining Unicode char U+01CF (decimal 463)
   defining Unicode char U+01D0 (decimal 464)
   defining Unicode char U+01D1 (decimal 465)
   defining Unicode char U+01D2 (decimal 466)
   defining Unicode char U+01D3 (decimal 467)
   defining Unicode char U+01D4 (decimal 468)
   defining Unicode char U+01E2 (decimal 482)
   defining Unicode char U+01E3 (decimal 483)
   defining Unicode char U+01E6 (decimal 486)
   defining Unicode char U+01E7 (decimal 487)
   defining Unicode char U+01E8 (decimal 488)
   defining Unicode char U+01E9 (decimal 489)
   defining Unicode char U+01EA (decimal 490)
   defining Unicode char U+01EB (decimal 491)
   defining Unicode char U+01F0 (decimal 496)
   defining Unicode char U+01F4 (decimal 500)
   defining Unicode char U+01F5 (decimal 501)
   defining Unicode char U+0218 (decimal 536)
   defining Unicode char U+0219 (decimal 537)
   defining Unicode char U+021A (decimal 538)
   defining Unicode char U+021B (decimal 539)
   defining Unicode char U+1E02 (decimal 7682)
   defining Unicode char U+1E03 (decimal 7683)
   defining Unicode char U+200C (decimal 8204)
   defining Unicode char U+2010 (decimal 8208)
   defining Unicode char U+2011 (decimal 8209)
   defining Unicode char U+2012 (decimal 8210)
   defining Unicode char U+2013 (decimal 8211)
   defining Unicode char U+2014 (decimal 8212)
   defining Unicode char U+2015 (decimal 8213)
   defining Unicode char U+2018 (decimal 8216)
   defining Unicode char U+2019 (decimal 8217)
   defining Unicode char U+201A (decimal 8218)
   defining Unicode char U+201C (decimal 8220)
   defining Unicode char U+201D (decimal 8221)
   defining Unicode char U+201E (decimal 8222)
   defining Unicode char U+2030 (decimal 8240)
   defining Unicode char U+2031 (decimal 8241)
   defining Unicode char U+2039 (decimal 8249)
   defining Unicode char U+203A (decimal 8250)
   defining Unicode char U+2423 (decimal 9251)
)
Now handling font encoding OT1 ...
... processing UTF-8 mapping file for font encoding OT1

(/usr/local/texlive/2015/texmf-dist/tex/latex/base/ot1enc.dfu
File: ot1enc.dfu 2016/02/28 v1.1s UTF-8 support for inputenc
   defining Unicode char U+00A0 (decimal 160)
   defining Unicode char U+00A1 (decimal 161)
   defining Unicode char U+00A3 (decimal 163)
   defining Unicode char U+00AD (decimal 173)
   defining Unicode char U+00B8 (decimal 184)
   defining Unicode char U+00BF (decimal 191)
   defining Unicode char U+00C5 (decimal 197)
   defining Unicode char U+00C6 (decimal 198)
   defining Unicode char U+00D8 (decimal 216)
   defining Unicode char U+00DF (decimal 223)
   defining Unicode char U+00E6 (decimal 230)
   defining Unicode char U+00EC (decimal 236)
   defining Unicode char U+00ED (decimal 237)
   defining Unicode char U+00EE (decimal 238)
   defining Unicode char U+00EF (decimal 239)
   defining Unicode char U+00F8 (decimal 248)
   defining Unicode char U+0131 (decimal 305)
   defining Unicode char U+0141 (decimal 321)
   defining Unicode char U+0142 (decimal 322)
   defining Unicode char U+0152 (decimal 338)
   defining Unicode char U+0153 (decimal 339)
   defining Unicode char U+0174 (decimal 372)
   defining Unicode char U+0175 (decimal 373)
   defining Unicode char U+0176 (decimal 374)
   defining Unicode char U+0177 (decimal 375)
   defining Unicode char U+0218 (decimal 536)
   defining Unicode char U+0219 (decimal 537)
   defining Unicode char U+021A (decimal 538)
   defining Unicode char U+021B (decimal 539)
   defining Unicode char U+2013 (decimal 8211)
   defining Unicode char U+2014 (decimal 8212)
   defining Unicode char U+2018 (decimal 8216)
   defining Unicode char U+2019 (decimal 8217)
   defining Unicode char U+201C (decimal 8220)
   defining Unicode char U+201D (decimal 8221)
)
Now handling font encoding OMS ...
... processing UTF-8 mapping file for font encoding OMS

(/usr/local/texlive/2015/texmf-dist/tex/latex/base/omsenc.dfu
File: omsenc.dfu 2016/02/28 v1.1s UTF-8 support for inputenc
   defining Unicode char U+00A7 (decimal 167)
   defining Unicode char U+00B6 (decimal 182)
   defining Unicode char U+00B7 (decimal 183)
   defining Unicode char U+2020 (decimal 8224)
   defining Unicode char U+2021 (decimal 8225)
   defining Unicode char U+2022 (decimal 8226)
)
Now handling font encoding OMX ...
... no UTF-8 mapping file for font encoding OMX
Now handling font encoding U ...
... no UTF-8 mapping file for font encoding U
   defining Unicode char U+00A9 (decimal 169)
   defining Unicode char U+00AA (decimal 170)
   defining Unicode char U+00AE (decimal 174)
   defining Unicode char U+00BA (decimal 186)
   defining Unicode char U+02C6 (decimal 710)
   defining Unicode char U+02DC (decimal 732)
   defining Unicode char U+200C (decimal 8204)
   defining Unicode char U+2026 (decimal 8230)
   defining Unicode char U+2122 (decimal 8482)
   defining Unicode char U+2423 (decimal 9251)
))
(/usr/local/texlive/2015/texmf-dist/tex/generic/babel/babel.sty
Package: babel 2016/02/24 3.9q The Babel package

(/usr/local/texlive/2015/texmf-dist/tex/generic/babel-german/ngerman.ldf
Language: ngerman 2013/12/13 v2.7 German support for babel (new orthography)

(/usr/local/texlive/2015/texmf-dist/tex/generic/babel-german/ngermanb.ldf
Language: ngermanb 2013/12/13 v2.7 German support for babel (new orthography)

(/usr/local/texlive/2015/texmf-dist/tex/generic/babel/babel.def
File: babel.def 2016/02/24 3.9q Babel common definitions
\babel@savecnt=\count90
\U@D=\dimen107
)
\l@naustrian = a dialect from \language\l@ngerman 
\l@nswissgerman = a dialect from \language\l@ngerman 
Package babel Info: Making " an active character on input line 88.
))
(/usr/local/texlive/2015/texmf-dist/tex/generic/babel-english/english.ldf
Language: english 2012/08/20 v3.3p English support from the babel system
\l@canadian = a dialect from \language\l@american 
\l@australian = a dialect from \language\l@british 
\l@newzealand = a dialect from \language\l@british 
))
(/usr/local/texlive/2015/texmf-dist/tex/latex/geometry/geometry.sty
Package: geometry 2010/09/12 v5.6 Page Geometry

(/usr/local/texlive/2015/texmf-dist/tex/generic/oberdiek/ifpdf.sty
Package: ifpdf 2011/01/30 v2.3 Provides the ifpdf switch (HO)
Package ifpdf Info: pdfTeX in PDF mode is detected.
)
(/usr/local/texlive/2015/texmf-dist/tex/generic/oberdiek/ifvtex.sty
Package: ifvtex 2010/03/01 v1.5 Detect VTeX and its facilities (HO)
Package ifvtex Info: VTeX not detected.
)
(/usr/local/texlive/2015/texmf-dist/tex/generic/ifxetex/ifxetex.sty
Package: ifxetex 2010/09/12 v0.6 Provides ifxetex conditional
)
\Gm@cnth=\count91
\Gm@cntv=\count92
\c@Gm@tempcnt=\count93
\Gm@bindingoffset=\dimen108
\Gm@wd@mp=\dimen109
\Gm@odd@mp=\dimen110
\Gm@even@mp=\dimen111
\Gm@layoutwidth=\dimen112
\Gm@layoutheight=\dimen113
\Gm@layouthoffset=\dimen114
\Gm@layoutvoffset=\dimen115
\Gm@dimlist=\toks20
)
(./xcookybooky.sty
Package: xcookybooky 2015/03/03 v1.5 Easy typesetting (potentially long) recipe
s with pictures

(/usr/local/texlive/2015/texmf-dist/tex/latex/pgf/frontendlayer/tikz.sty
(/usr/local/texlive/2015/texmf-dist/tex/latex/pgf/basiclayer/pgf.sty
(/usr/local/texlive/2015/texmf-dist/tex/latex/pgf/utilities/pgfrcs.sty
(/usr/local/texlive/2015/texmf-dist/tex/generic/pgf/utilities/pgfutil-common.te
x
\pgfutil@everybye=\toks21
\pgfutil@tempdima=\dimen116
\pgfutil@tempdimb=\dimen117

(/usr/local/texlive/2015/texmf-dist/tex/generic/pgf/utilities/pgfutil-common-li
sts.tex))
(/usr/local/texlive/2015/texmf-dist/tex/generic/pgf/utilities/pgfutil-latex.def
\pgfutil@abb=\box27
(/usr/local/texlive/2015/texmf-dist/tex/latex/ms/everyshi.sty
Package: everyshi 2001/05/15 v3.00 EveryShipout Package (MS)
))
(/usr/local/texlive/2015/texmf-dist/tex/generic/pgf/utilities/pgfrcs.code.tex
Package: pgfrcs 2015/08/07 v3.0.1a (rcs-revision 1.31)
))
Package: pgf 2015/08/07 v3.0.1a (rcs-revision 1.15)
(/usr/local/texlive/2015/texmf-dist/tex/latex/pgf/basiclayer/pgfcore.sty
(/usr/local/texlive/2015/texmf-dist/tex/latex/pgf/systemlayer/pgfsys.sty
(/usr/local/texlive/2015/texmf-dist/tex/generic/pgf/systemlayer/pgfsys.code.tex
Package: pgfsys 2014/07/09 v3.0.1a (rcs-revision 1.48)
(/usr/local/texlive/2015/texmf-dist/tex/generic/pgf/utilities/pgfkeys.code.tex
\pgfkeys@pathtoks=\toks22
\pgfkeys@temptoks=\toks23

(/usr/local/texlive/2015/texmf-dist/tex/generic/pgf/utilities/pgfkeysfiltered.c
ode.tex
\pgfkeys@tmptoks=\toks24
))
\pgf@x=\dimen118
\pgf@y=\dimen119
\pgf@xa=\dimen120
\pgf@ya=\dimen121
\pgf@xb=\dimen122
\pgf@yb=\dimen123
\pgf@xc=\dimen124
\pgf@yc=\dimen125
\w@pgf@writea=\write3
\r@pgf@reada=\read1
\c@pgf@counta=\count94
\c@pgf@countb=\count95
\c@pgf@countc=\count96
\c@pgf@countd=\count97
\t@pgf@toka=\toks25
\t@pgf@tokb=\toks26
\t@pgf@tokc=\toks27

(/usr/local/texlive/2015/texmf-dist/tex/generic/pgf/systemlayer/pgf.cfg
File: pgf.cfg 2008/05/14  (rcs-revision 1.7)
)
Driver file for pgf: pgfsys-pdftex.def

(/usr/local/texlive/2015/texmf-dist/tex/generic/pgf/systemlayer/pgfsys-pdftex.d
ef
File: pgfsys-pdftex.def 2014/10/11  (rcs-revision 1.35)

(/usr/local/texlive/2015/texmf-dist/tex/generic/pgf/systemlayer/pgfsys-common-p
df.def
File: pgfsys-common-pdf.def 2013/10/10  (rcs-revision 1.13)
)))
(/usr/local/texlive/2015/texmf-dist/tex/generic/pgf/systemlayer/pgfsyssoftpath.
code.tex
File: pgfsyssoftpath.code.tex 2013/09/09  (rcs-revision 1.9)
\pgfsyssoftpath@smallbuffer@items=\count98
\pgfsyssoftpath@bigbuffer@items=\count99
)
(/usr/local/texlive/2015/texmf-dist/tex/generic/pgf/systemlayer/pgfsysprotocol.
code.tex
File: pgfsysprotocol.code.tex 2006/10/16  (rcs-revision 1.4)
))
(/usr/local/texlive/2015/texmf-dist/tex/generic/pgf/basiclayer/pgfcore.code.tex
Package: pgfcore 2010/04/11 v3.0.1a (rcs-revision 1.7)
(/usr/local/texlive/2015/texmf-dist/tex/generic/pgf/math/pgfmath.code.tex
(/usr/local/texlive/2015/texmf-dist/tex/generic/pgf/math/pgfmathcalc.code.tex
(/usr/local/texlive/2015/texmf-dist/tex/generic/pgf/math/pgfmathutil.code.tex)
(/usr/local/texlive/2015/texmf-dist/tex/generic/pgf/math/pgfmathparser.code.tex
\pgfmath@dimen=\dimen126
\pgfmath@count=\count100
\pgfmath@box=\box28
\pgfmath@toks=\toks28
\pgfmath@stack@operand=\toks29
\pgfmath@stack@operation=\toks30
)
(/usr/local/texlive/2015/texmf-dist/tex/generic/pgf/math/pgfmathfunctions.code.
tex
(/usr/local/texlive/2015/texmf-dist/tex/generic/pgf/math/pgfmathfunctions.basic
.code.tex)
(/usr/local/texlive/2015/texmf-dist/tex/generic/pgf/math/pgfmathfunctions.trigo
nometric.code.tex)
(/usr/local/texlive/2015/texmf-dist/tex/generic/pgf/math/pgfmathfunctions.rando
m.code.tex)
(/usr/local/texlive/2015/texmf-dist/tex/generic/pgf/math/pgfmathfunctions.compa
rison.code.tex)
(/usr/local/texlive/2015/texmf-dist/tex/generic/pgf/math/pgfmathfunctions.base.
code.tex)
(/usr/local/texlive/2015/texmf-dist/tex/generic/pgf/math/pgfmathfunctions.round
.code.tex)
(/usr/local/texlive/2015/texmf-dist/tex/generic/pgf/math/pgfmathfunctions.misc.
code.tex)
(/usr/local/texlive/2015/texmf-dist/tex/generic/pgf/math/pgfmathfunctions.integ
erarithmetics.code.tex)))
(/usr/local/texlive/2015/texmf-dist/tex/generic/pgf/math/pgfmathfloat.code.tex
\c@pgfmathroundto@lastzeros=\count101
))
(/usr/local/texlive/2015/texmf-dist/tex/generic/pgf/basiclayer/pgfcorepoints.co
de.tex
File: pgfcorepoints.code.tex 2013/10/07  (rcs-revision 1.27)
\pgf@picminx=\dimen127
\pgf@picmaxx=\dimen128
\pgf@picminy=\dimen129
\pgf@picmaxy=\dimen130
\pgf@pathminx=\dimen131
\pgf@pathmaxx=\dimen132
\pgf@pathminy=\dimen133
\pgf@pathmaxy=\dimen134
\pgf@xx=\dimen135
\pgf@xy=\dimen136
\pgf@yx=\dimen137
\pgf@yy=\dimen138
\pgf@zx=\dimen139
\pgf@zy=\dimen140
)
(/usr/local/texlive/2015/texmf-dist/tex/generic/pgf/basiclayer/pgfcorepathconst
ruct.code.tex
File: pgfcorepathconstruct.code.tex 2013/10/07  (rcs-revision 1.29)
\pgf@path@lastx=\dimen141
\pgf@path@lasty=\dimen142
)
(/usr/local/texlive/2015/texmf-dist/tex/generic/pgf/basiclayer/pgfcorepathusage
.code.tex
File: pgfcorepathusage.code.tex 2014/11/02  (rcs-revision 1.24)
\pgf@shorten@end@additional=\dimen143
\pgf@shorten@start@additional=\dimen144
)
(/usr/local/texlive/2015/texmf-dist/tex/generic/pgf/basiclayer/pgfcorescopes.co
de.tex
File: pgfcorescopes.code.tex 2015/05/08  (rcs-revision 1.46)
\pgfpic=\box29
\pgf@hbox=\box30
\pgf@layerbox@main=\box31
\pgf@picture@serial@count=\count102
)
(/usr/local/texlive/2015/texmf-dist/tex/generic/pgf/basiclayer/pgfcoregraphicst
ate.code.tex
File: pgfcoregraphicstate.code.tex 2014/11/02  (rcs-revision 1.12)
\pgflinewidth=\dimen145
)
(/usr/local/texlive/2015/texmf-dist/tex/generic/pgf/basiclayer/pgfcoretransform
ations.code.tex
File: pgfcoretransformations.code.tex 2015/08/07  (rcs-revision 1.20)
\pgf@pt@x=\dimen146
\pgf@pt@y=\dimen147
\pgf@pt@temp=\dimen148
)
(/usr/local/texlive/2015/texmf-dist/tex/generic/pgf/basiclayer/pgfcorequick.cod
e.tex
File: pgfcorequick.code.tex 2008/10/09  (rcs-revision 1.3)
)
(/usr/local/texlive/2015/texmf-dist/tex/generic/pgf/basiclayer/pgfcoreobjects.c
ode.tex
File: pgfcoreobjects.code.tex 2006/10/11  (rcs-revision 1.2)
)
(/usr/local/texlive/2015/texmf-dist/tex/generic/pgf/basiclayer/pgfcorepathproce
ssing.code.tex
File: pgfcorepathprocessing.code.tex 2013/09/09  (rcs-revision 1.9)
)
(/usr/local/texlive/2015/texmf-dist/tex/generic/pgf/basiclayer/pgfcorearrows.co
de.tex
File: pgfcorearrows.code.tex 2015/05/14  (rcs-revision 1.43)
\pgfarrowsep=\dimen149
)
(/usr/local/texlive/2015/texmf-dist/tex/generic/pgf/basiclayer/pgfcoreshade.cod
e.tex
File: pgfcoreshade.code.tex 2013/07/15  (rcs-revision 1.15)
\pgf@max=\dimen150
\pgf@sys@shading@range@num=\count103
)
(/usr/local/texlive/2015/texmf-dist/tex/generic/pgf/basiclayer/pgfcoreimage.cod
e.tex
File: pgfcoreimage.code.tex 2013/07/15  (rcs-revision 1.18)

(/usr/local/texlive/2015/texmf-dist/tex/generic/pgf/basiclayer/pgfcoreexternal.
code.tex
File: pgfcoreexternal.code.tex 2014/07/09  (rcs-revision 1.21)
\pgfexternal@startupbox=\box32
))
(/usr/local/texlive/2015/texmf-dist/tex/generic/pgf/basiclayer/pgfcorelayers.co
de.tex
File: pgfcorelayers.code.tex 2013/07/18  (rcs-revision 1.7)
)
(/usr/local/texlive/2015/texmf-dist/tex/generic/pgf/basiclayer/pgfcoretranspare
ncy.code.tex
File: pgfcoretransparency.code.tex 2013/09/30  (rcs-revision 1.5)
)
(/usr/local/texlive/2015/texmf-dist/tex/generic/pgf/basiclayer/pgfcorepatterns.
code.tex
File: pgfcorepatterns.code.tex 2013/11/07  (rcs-revision 1.5)
)))
(/usr/local/texlive/2015/texmf-dist/tex/generic/pgf/modules/pgfmoduleshapes.cod
e.tex
File: pgfmoduleshapes.code.tex 2014/03/21  (rcs-revision 1.35)
\pgfnodeparttextbox=\box33
)
(/usr/local/texlive/2015/texmf-dist/tex/generic/pgf/modules/pgfmoduleplot.code.
tex
File: pgfmoduleplot.code.tex 2015/08/03  (rcs-revision 1.13)
)
(/usr/local/texlive/2015/texmf-dist/tex/latex/pgf/compatibility/pgfcomp-version
-0-65.sty
Package: pgfcomp-version-0-65 2007/07/03 v3.0.1a (rcs-revision 1.7)
\pgf@nodesepstart=\dimen151
\pgf@nodesepend=\dimen152
)
(/usr/local/texlive/2015/texmf-dist/tex/latex/pgf/compatibility/pgfcomp-version
-1-18.sty
Package: pgfcomp-version-1-18 2007/07/23 v3.0.1a (rcs-revision 1.1)
))
(/usr/local/texlive/2015/texmf-dist/tex/latex/pgf/utilities/pgffor.sty
(/usr/local/texlive/2015/texmf-dist/tex/latex/pgf/utilities/pgfkeys.sty
(/usr/local/texlive/2015/texmf-dist/tex/generic/pgf/utilities/pgfkeys.code.tex)
) (/usr/local/texlive/2015/texmf-dist/tex/latex/pgf/math/pgfmath.sty
(/usr/local/texlive/2015/texmf-dist/tex/generic/pgf/math/pgfmath.code.tex))
(/usr/local/texlive/2015/texmf-dist/tex/generic/pgf/utilities/pgffor.code.tex
Package: pgffor 2013/12/13 v3.0.1a (rcs-revision 1.25)

(/usr/local/texlive/2015/texmf-dist/tex/generic/pgf/math/pgfmath.code.tex)
\pgffor@iter=\dimen153
\pgffor@skip=\dimen154
\pgffor@stack=\toks31
\pgffor@toks=\toks32
))
(/usr/local/texlive/2015/texmf-dist/tex/generic/pgf/frontendlayer/tikz/tikz.cod
e.tex
Package: tikz 2015/08/07 v3.0.1a (rcs-revision 1.151)

(/usr/local/texlive/2015/texmf-dist/tex/generic/pgf/libraries/pgflibraryplothan
dlers.code.tex
File: pgflibraryplothandlers.code.tex 2013/08/31 v3.0.1a (rcs-revision 1.20)
\pgf@plot@mark@count=\count104
\pgfplotmarksize=\dimen155
)
\tikz@lastx=\dimen156
\tikz@lasty=\dimen157
\tikz@lastxsaved=\dimen158
\tikz@lastysaved=\dimen159
\tikzleveldistance=\dimen160
\tikzsiblingdistance=\dimen161
\tikz@figbox=\box34
\tikz@figbox@bg=\box35
\tikz@tempbox=\box36
\tikz@tempbox@bg=\box37
\tikztreelevel=\count105
\tikznumberofchildren=\count106
\tikznumberofcurrentchild=\count107
\tikz@fig@count=\count108

(/usr/local/texlive/2015/texmf-dist/tex/generic/pgf/modules/pgfmodulematrix.cod
e.tex
File: pgfmodulematrix.code.tex 2013/09/17  (rcs-revision 1.8)
\pgfmatrixcurrentrow=\count109
\pgfmatrixcurrentcolumn=\count110
\pgf@matrix@numberofcolumns=\count111
)
\tikz@expandcount=\count112

(/usr/local/texlive/2015/texmf-dist/tex/generic/pgf/frontendlayer/tikz/librarie
s/tikzlibrarytopaths.code.tex
File: tikzlibrarytopaths.code.tex 2008/06/17 v3.0.1a (rcs-revision 1.2)
)))
(/usr/local/texlive/2015/texmf-dist/tex/latex/ifsym/ifsym.sty
Package: ifsym 2000/04/18 I.Kloeckl

(/usr/local/texlive/2015/texmf-dist/tex/latex/tools/calc.sty
Package: calc 2014/10/28 v4.3 Infix arithmetic (KKT,FJ)
\calc@Acount=\count113
\calc@Bcount=\count114
\calc@Adimen=\dimen162
\calc@Bdimen=\dimen163
\calc@Askip=\skip48
\calc@Bskip=\skip49
LaTeX Info: Redefining \setlength on input line 80.
LaTeX Info: Redefining \addtolength on input line 81.
\calc@Ccount=\count115
\calc@Cskip=\skip50
)
\c@ifsymcnt=\count116
)
(/usr/local/texlive/2015/texmf-dist/tex/latex/cookingsymbols/cookingsymbols.sty
Package: cookingsymbols 2014/12/28 v1.1 symbols for recipes by Sven Harder
) (/usr/local/texlive/texmf-local/tex/latex/emerald/emerald.sty
Package: emerald 2006/01/26 v1.0 LaTeX2e package which gives support for ECF (e
merald city fontwerks) fonts
)
(/usr/local/texlive/2015/texmf-dist/tex/latex/wrapfig/wrapfig.sty
\wrapoverhang=\dimen164
\WF@size=\dimen165
\c@WF@wrappedlines=\count117
\WF@box=\box38
\WF@everypar=\toks33
Package: wrapfig 2003/01/31  v 3.6
)
(/usr/local/texlive/2015/texmf-dist/tex/generic/oberdiek/iflang.sty
Package: iflang 2007/11/11 v1.5 Checks for the current language (HO)

(/usr/local/texlive/2015/texmf-dist/tex/generic/oberdiek/pdftexcmds.sty
Package: pdftexcmds 2011/11/29 v0.20 Utility functions of pdfTeX for LuaTeX (HO
)

(/usr/local/texlive/2015/texmf-dist/tex/generic/oberdiek/ifluatex.sty
Package: ifluatex 2010/03/01 v1.3 Provides the ifluatex switch (HO)
Package ifluatex Info: LuaTeX not detected.
)
Package pdftexcmds Info: LuaTeX not detected.
Package pdftexcmds Info: \pdf@primitive is available.
Package pdftexcmds Info: \pdf@ifprimitive is available.
Package pdftexcmds Info: \pdfdraftmode found.
)
Package iflang Info: Naming convention for patterns: babel.
)
(/usr/local/texlive/2015/texmf-dist/tex/latex/xkeyval/xkeyval.sty
Package: xkeyval 2014/12/03 v2.7a package option processing (HA)

(/usr/local/texlive/2015/texmf-dist/tex/generic/xkeyval/xkeyval.tex
(/usr/local/texlive/2015/texmf-dist/tex/generic/xkeyval/xkvutils.tex
\XKV@toks=\toks34
\XKV@tempa@toks=\toks35
)
\XKV@depth=\count118
File: xkeyval.tex 2014/12/03 v2.7a key=value parser (HA)
))
(/usr/local/texlive/2015/texmf-dist/tex/latex/lettrine/lettrine.sty
File: lettrine.sty 2015/08/31 v1.9 (Daniel Flipo)
\c@DefaultLines=\count119
\c@DefaultDepth=\count120
\DefaultFindent=\dimen166
\DefaultNindent=\dimen167
\DefaultSlope=\dimen168
\DiscardVskip=\dimen169
\L@lbox=\box39
\L@tbox=\box40
\c@L@lines=\count121
\c@L@depth=\count122
\L@Pindent=\dimen170
\L@Findent=\dimen171
\L@Nindent=\dimen172
\L@lraise=\dimen173
\L@first=\dimen174
\L@next=\dimen175
\L@slope=\dimen176
\L@height=\dimen177
\L@novskip=\dimen178
\LettrineWidth=\dimen179
\LettrineHeight=\dimen180
\LettrineDepth=\dimen181

Loading lettrine.cfg
(/usr/local/texlive/2015/texmf-dist/tex/latex/lettrine/lettrine.cfg))
(/usr/local/texlive/2015/texmf-dist/tex/latex/fancyhdr/fancyhdr.sty
\fancy@headwidth=\skip51
\f@ncyO@elh=\skip52
\f@ncyO@erh=\skip53
\f@ncyO@olh=\skip54
\f@ncyO@orh=\skip55
\f@ncyO@elf=\skip56
\f@ncyO@erf=\skip57
\f@ncyO@olf=\skip58
\f@ncyO@orf=\skip59
)
(/usr/local/texlive/2015/texmf-dist/tex/latex/units/units.sty
Package: units 1998/08/04 v0.9b Typesetting units

(/usr/local/texlive/2015/texmf-dist/tex/latex/units/nicefrac.sty
Package: nicefrac 1998/08/04 v0.9b Nice fractions
\L@UnitsRaiseDisplaystyle=\skip60
\L@UnitsRaiseTextstyle=\skip61
\L@UnitsRaiseScriptstyle=\skip62
))
(/usr/local/texlive/2015/texmf-dist/tex/latex/eso-pic/eso-pic.sty
Package: eso-pic 2015/07/21 v2.0g eso-pic (RN)

(/usr/local/texlive/2015/texmf-dist/tex/generic/oberdiek/atbegshi.sty
Package: atbegshi 2011/10/05 v1.16 At begin shipout hook (HO)
))
(/usr/local/texlive/2015/texmf-dist/tex/latex/oberdiek/picture.sty
Package: picture 2009/10/11 v1.3 Dimens for picture macros (HO)
Package picture Info: Calculation method: calc.
)
(/usr/local/texlive/2015/texmf-dist/tex/latex/tabulary/tabulary.sty
Package: tabulary 2014/06/11 v0.10 tabulary package (DPC)
\TY@count=\count123
\TY@linewidth=\dimen182
\tymin=\dimen183
\tymax=\dimen184
\TY@tablewidth=\dimen185
)
(/usr/local/texlive/2015/texmf-dist/tex/latex/framed/framed.sty
Package: framed 2011/10/22 v 0.96: framed or shaded text with page breaks
\OuterFrameSep=\skip63
\fb@frw=\dimen186
\fb@frh=\dimen187
\FrameRule=\dimen188
\FrameSep=\dimen189
)
\c@step=\count124
\c@xcb@newpagehead=\count125
\c@xcb@newpagefoot=\count126
)
(/usr/local/texlive/2015/texmf-dist/tex/latex/cancel/cancel.sty
Package: cancel 2013/04/12 v2.2 Cancel math terms
)
(/usr/local/texlive/2015/texmf-dist/tex/latex/adjustbox/adjustbox.sty
Package: adjustbox 2012/05/21 v1.0 Adjusting TeX boxes (trim, clip, ...)

(/usr/local/texlive/2015/texmf-dist/tex/latex/adjustbox/adjcalc.sty
Package: adjcalc 2012/05/16 v1.1 Provides advanced setlength with multiple back
-ends (calc, etex, pgfmath)
)
(/usr/local/texlive/2015/texmf-dist/tex/latex/adjustbox/trimclip.sty
Package: trimclip 2012/05/16 v1.0 Trim and clip general TeX material

(/usr/local/texlive/2015/texmf-dist/tex/latex/collectbox/collectbox.sty
Package: collectbox 2012/05/17 v0.4b Collect macro arguments as boxes
\collectedbox=\box41
)
\tc@llx=\dimen190
\tc@lly=\dimen191
\tc@urx=\dimen192
\tc@ury=\dimen193
Package trimclip Info: Using driver 'tc-pdftex.def'.

(/usr/local/texlive/2015/texmf-dist/tex/latex/adjustbox/tc-pdftex.def
File: tc-pdftex.def 2012/05/13 v1.0 Clipping driver for pdftex
))
\adjbox@Width=\dimen194
\adjbox@Height=\dimen195
\adjbox@Depth=\dimen196
\adjbox@Totalheight=\dimen197

(/usr/local/texlive/2015/texmf-dist/tex/latex/ifoddpage/ifoddpage.sty
Package: ifoddpage 2011/09/13 v1.0 Conditionals for odd/even page detection
\c@checkoddpage=\count127
)
(/usr/local/texlive/2015/texmf-dist/tex/latex/varwidth/varwidth.sty
Package: varwidth 2009/03/30 ver 0.92;  Variable-width minipages
\@vwid@box=\box42
\sift@deathcycles=\count128
\@vwid@loff=\dimen198
\@vwid@roff=\dimen199
))
(/usr/local/texlive/2015/texmf-dist/tex/latex/hyperref/hyperref.sty
Package: hyperref 2012/11/06 v6.83m Hypertext links for LaTeX

(/usr/local/texlive/2015/texmf-dist/tex/generic/oberdiek/hobsub-hyperref.sty
Package: hobsub-hyperref 2012/05/28 v1.13 Bundle oberdiek, subset hyperref (HO)


(/usr/local/texlive/2015/texmf-dist/tex/generic/oberdiek/hobsub-generic.sty
Package: hobsub-generic 2012/05/28 v1.13 Bundle oberdiek, subset generic (HO)
Package: hobsub 2012/05/28 v1.13 Construct package bundles (HO)
Package hobsub Info: Skipping package `infwarerr' (already loaded).
Package hobsub Info: Skipping package `ltxcmds' (already loaded).
Package hobsub Info: Skipping package `ifluatex' (already loaded).
Package hobsub Info: Skipping package `ifvtex' (already loaded).
Package: intcalc 2007/09/27 v1.1 Expandable calculations with integers (HO)
Package hobsub Info: Skipping package `ifpdf' (already loaded).
Package: etexcmds 2011/02/16 v1.5 Avoid name clashes with e-TeX commands (HO)
Package etexcmds Info: Could not find \expanded.
(etexcmds)             That can mean that you are not using pdfTeX 1.50 or
(etexcmds)             that some package has redefined \expanded.
(etexcmds)             In the latter case, load this package earlier.
Package: kvsetkeys 2012/04/25 v1.16 Key value parser (HO)
Package: kvdefinekeys 2011/04/07 v1.3 Define keys (HO)
Package hobsub Info: Skipping package `pdftexcmds' (already loaded).
Package: pdfescape 2011/11/25 v1.13 Implements pdfTeX's escape features (HO)
Package: bigintcalc 2012/04/08 v1.3 Expandable calculations on big integers (HO
)
Package: bitset 2011/01/30 v1.1 Handle bit-vector datatype (HO)
Package: uniquecounter 2011/01/30 v1.2 Provide unlimited unique counter (HO)
)
Package hobsub Info: Skipping package `hobsub' (already loaded).
Package: letltxmacro 2010/09/02 v1.4 Let assignment for LaTeX macros (HO)
Package: hopatch 2012/05/28 v1.2 Wrapper for package hooks (HO)
Package: xcolor-patch 2011/01/30 xcolor patch
Package: atveryend 2011/06/30 v1.8 Hooks at the very end of document (HO)
Package atveryend Info: \enddocument detected (standard20110627).
Package hobsub Info: Skipping package `atbegshi' (already loaded).
Package: refcount 2011/10/16 v3.4 Data extraction from label references (HO)
Package: hycolor 2011/01/30 v1.7 Color options for hyperref/bookmark (HO)
)
(/usr/local/texlive/2015/texmf-dist/tex/latex/oberdiek/auxhook.sty
Package: auxhook 2011/03/04 v1.3 Hooks for auxiliary files (HO)
)
(/usr/local/texlive/2015/texmf-dist/tex/latex/oberdiek/kvoptions.sty
Package: kvoptions 2011/06/30 v3.11 Key value format for package options (HO)
)
\@linkdim=\dimen256
\Hy@linkcounter=\count129
\Hy@pagecounter=\count130

(/usr/local/texlive/2015/texmf-dist/tex/latex/hyperref/pd1enc.def
File: pd1enc.def 2012/11/06 v6.83m Hyperref: PDFDocEncoding definition (HO)
Now handling font encoding PD1 ...
... no UTF-8 mapping file for font encoding PD1
)
\Hy@SavedSpaceFactor=\count131

(/usr/local/texlive/2015/texmf-dist/tex/latex/latexconfig/hyperref.cfg
File: hyperref.cfg 2002/06/06 v1.2 hyperref configuration of TeXLive
)
Package hyperref Info: Hyper figures OFF on input line 4443.
Package hyperref Info: Link nesting OFF on input line 4448.
Package hyperref Info: Hyper index ON on input line 4451.
Package hyperref Info: Plain pages OFF on input line 4458.
Package hyperref Info: Backreferencing OFF on input line 4463.
Package hyperref Info: Implicit mode ON; LaTeX internals redefined.
Package hyperref Info: Bookmarks ON on input line 4688.
\c@Hy@tempcnt=\count132

(/usr/local/texlive/2015/texmf-dist/tex/latex/url/url.sty
\Urlmuskip=\muskip10
Package: url 2013/09/16  ver 3.4  Verb mode for urls, etc.
)
LaTeX Info: Redefining \url on input line 5041.
\XeTeXLinkMargin=\dimen257
\Fld@menulength=\count133
\Field@Width=\dimen258
\Fld@charsize=\dimen259
Package hyperref Info: Hyper figures OFF on input line 6295.
Package hyperref Info: Link nesting OFF on input line 6300.
Package hyperref Info: Hyper index ON on input line 6303.
Package hyperref Info: backreferencing OFF on input line 6310.
Package hyperref Info: Link coloring OFF on input line 6315.
Package hyperref Info: Link coloring with OCG OFF on input line 6320.
Package hyperref Info: PDF/A mode OFF on input line 6325.
LaTeX Info: Redefining \ref on input line 6365.
LaTeX Info: Redefining \pageref on input line 6369.
\Hy@abspage=\count134
\c@Item=\count135
\c@Hfootnote=\count136
)

Package hyperref Message: Driver (autodetected): hpdftex.

(/usr/local/texlive/2015/texmf-dist/tex/latex/hyperref/hpdftex.def
File: hpdftex.def 2012/11/06 v6.83m Hyperref driver for pdfTeX
\Fld@listcount=\count137
\c@bookmark@seq@number=\count138

(/usr/local/texlive/2015/texmf-dist/tex/latex/oberdiek/rerunfilecheck.sty
Package: rerunfilecheck 2011/04/15 v1.7 Rerun checks for auxiliary files (HO)
Package uniquecounter Info: New unique counter `rerunfilecheck' on input line 2
82.
)
\Hy@SectionHShift=\skip64
)
(/usr/local/texlive/2015/texmf-dist/tex/latex/psnfss/helvet.sty
Package: helvet 2005/04/12 PSNFSS-v9.2a (WaS) 
)
(./Kochbuch.aux (./1-vorwort.aux) (./tex/porridge.aux) (./tex/gruener-salat.aux
) (./tex/bolognese.aux) (./tex/vegetarische-bolognese.aux)
(./tex/griechischer-salat.aux) (./tex/gemuesecurry.aux)
(./tex/chili-sin-carne.aux) (./tex/gurkensalat.aux)
(./tex/bratkartoffeln-sour-cream.aux) (./tex/kartoffelgulasch.aux)
(./tex/spaetzle-linsen.aux) (./tex/krautnudeln.aux) (./tex/gemueseeintopf.aux)
(./tex/tuerkische-linsensuppe.aux) (./tex/spinat-sahne-sauce.aux)
(./tex/schinken-sahne-sauce.aux) (./tex/eier-in-senfsosse.aux)
(./tex/gruene-sose.aux) (./tex/kartoffelsalat.aux) (./tex/kaesespaetzle.aux)
(./tex/risotto.aux) (./tex/milchreis.aux) (./4-sos.aux) (./5-wissen.aux)
(./2-uebersicht.aux))
\openout1 = `Kochbuch.aux'.

LaTeX Font Info:    Checking defaults for OML/cmm/m/it on input line 32.
LaTeX Font Info:    ... okay on input line 32.
LaTeX Font Info:    Checking defaults for T1/cmr/m/n on input line 32.
LaTeX Font Info:    ... okay on input line 32.
LaTeX Font Info:    Checking defaults for OT1/cmr/m/n on input line 32.
LaTeX Font Info:    ... okay on input line 32.
LaTeX Font Info:    Checking defaults for OMS/cmsy/m/n on input line 32.
LaTeX Font Info:    ... okay on input line 32.
LaTeX Font Info:    Checking defaults for OMX/cmex/m/n on input line 32.
LaTeX Font Info:    ... okay on input line 32.
LaTeX Font Info:    Checking defaults for U/cmr/m/n on input line 32.
LaTeX Font Info:    ... okay on input line 32.
LaTeX Font Info:    Checking defaults for PD1/pdf/m/n on input line 32.
LaTeX Font Info:    ... okay on input line 32.

(/usr/local/texlive/2015/texmf-dist/tex/context/base/supp-pdf.mkii
[Loading MPS to PDF converter (version 2006.09.02).]
\scratchcounter=\count139
\scratchdimen=\dimen260
\scratchbox=\box43
\nofMPsegments=\count140
\nofMParguments=\count141
\everyMPshowfont=\toks36
\MPscratchCnt=\count142
\MPscratchDim=\dimen261
\MPnumerator=\count143
\makeMPintoPDFobject=\count144
\everyMPtoPDFconversion=\toks37
) (/usr/local/texlive/2015/texmf-dist/tex/latex/oberdiek/epstopdf-base.sty
Package: epstopdf-base 2010/02/09 v2.5 Base part for package epstopdf

(/usr/local/texlive/2015/texmf-dist/tex/latex/oberdiek/grfext.sty
Package: grfext 2010/08/19 v1.1 Manage graphics extensions (HO)
)
Package grfext Info: Graphics extension search list:
(grfext)             [.png,.pdf,.jpg,.mps,.jpeg,.jbig2,.jb2,.PNG,.PDF,.JPG,.JPE
G,.JBIG2,.JB2,.eps]
(grfext)             \AppendGraphicsExtensions on input line 452.

(/usr/local/texlive/2015/texmf-dist/tex/latex/latexconfig/epstopdf-sys.cfg
File: epstopdf-sys.cfg 2010/07/13 v1.3 Configuration of (r)epstopdf for TeX Liv
e
))
*geometry* driver: auto-detecting
*geometry* detected driver: pdftex
*geometry* verbose mode - [ preamble ] result:
* driver: pdftex
* paper: a4paper
* layout: <same size as paper>
* layoutoffset:(h,v)=(0.0pt,0.0pt)
* modes: twoside 
* h-part:(L,W,R)=(42.67912pt, 526.376pt, 28.45274pt)
* v-part:(T,H,B)=(56.9055pt, 731.23584pt, 56.9055pt)
* \paperwidth=597.50787pt
* \paperheight=845.04684pt
* \textwidth=526.376pt
* \textheight=731.23584pt
* \oddsidemargin=-29.59087pt
* \evensidemargin=-43.81725pt
* \topmargin=-52.36449pt
* \headheight=12.0pt
* \headsep=25.0pt
* \topskip=12.0pt
* \footskip=30.0pt
* \marginparwidth=85.0pt
* \marginparsep=10.0pt
* \columnsep=10.0pt
* \skip\footins=10.8pt plus 4.0pt minus 2.0pt
* \hoffset=0.0pt
* \voffset=0.0pt
* \mag=1000
* \@twocolumnfalse
* \@twosidetrue
* \@mparswitchtrue
* \@reversemarginfalse
* (1in=72.27pt=25.4mm, 1cm=28.453pt)

ABD: EveryShipout initializing macros
\AtBeginShipoutBox=\box44
Package hyperref Info: Link coloring OFF on input line 32.

(/usr/local/texlive/2015/texmf-dist/tex/latex/hyperref/nameref.sty
Package: nameref 2012/10/27 v2.43 Cross-referencing by name of section

(/usr/local/texlive/2015/texmf-dist/tex/generic/oberdiek/gettitlestring.sty
Package: gettitlestring 2010/12/03 v1.4 Cleanup title references (HO)
)
\c@section@level=\count145
)
LaTeX Info: Redefining \ref on input line 32.
LaTeX Info: Redefining \pageref on input line 32.
LaTeX Info: Redefining \nameref on input line 32.

(./Kochbuch.out) (./Kochbuch.out)
\@outlinefile=\write4
\openout4 = `Kochbuch.out'.


<Zeichen.pdf, id=111, 349.305pt x 362.35374pt>
File: Zeichen.pdf Graphic file (type pdf)
 <use Zeichen.pdf>
Package pdftex.def Info: Zeichen.pdf used on input line 35.
(pdftex.def)             Requested size: 105.27359pt x 109.20457pt.

<Badge-crop.pdf, id=112, 293.095pt x 241.90375pt>
File: Badge-crop.pdf Graphic file (type pdf)
 <use Badge-crop.pdf>
Package pdftex.def Info: Badge-crop.pdf used on input line 38.
(pdftex.def)             Requested size: 421.1024pt x 347.55122pt.
 [1

{/usr/local/texlive/2015/texmf-var/fonts/map/pdftex/updmap/pdftex.map} <./Zeich
en.pdf> <./Badge-crop.pdf>]
\openout2 = `1-vorwort.aux'.

 (./1-vorwort.tex
<note-crop.pdf, id=138, 204.765pt x 214.8025pt>
File: note-crop.pdf Graphic file (type pdf)
 <use note-crop.pdf>
Package pdftex.def Info: note-crop.pdf used on input line 21.
(pdftex.def)             Requested size: 204.76448pt x 214.80197pt.
)

Package Fancyhdr Warning: \headheight is too small (12.0pt): 
 Make it at least 14.49998pt.
 We now make it that large for the rest of the document.
 This may cause the page layout to be inconsistent, however.

[2


 <./note-crop.pdf>] (./Kochbuch.toc
LaTeX Font Info:    External font `cmex10' loaded for size
(Font)              <12> on input line 4.
LaTeX Font Info:    External font `cmex10' loaded for size
(Font)              <8> on input line 4.
LaTeX Font Info:    External font `cmex10' loaded for size
(Font)              <6> on input line 4.
)
\tf@toc=\write5
\openout5 = `Kochbuch.toc'.



Package Fancyhdr Warning: \headheight is too small (12.0pt): 
 Make it at least 14.49998pt.
 We now make it that large for the rest of the document.
 This may cause the page layout to be inconsistent, however.

[3

]
\openout2 = `tex/porridge.aux'.

 (./tex/porridge.tex <pic/hafer.jpg, id=189, 383.031pt x 255.1131pt>
File: pic/hafer.jpg Graphic file (type jpg)

<use pic/hafer.jpg>
Package pdftex.def Info: pic/hafer.jpg used on input line 44.
(pdftex.def)             Requested size: 184.23853pt x 122.70981pt.
 <pic/porridge.jpg, id=190, 501.875pt x 335.2525pt>
File: pic/porridge.jpg Graphic file (type jpg)

<use pic/porridge.jpg>
Package pdftex.def Info: pic/porridge.jpg used on input line 44.
(pdftex.def)             Requested size: 255.5623pt x 170.71562pt.
LaTeX Font Info:    Try loading font information for T1+fjd on input line 44.

(/usr/local/texlive/texmf-local/tex/latex/emerald/t1fjd.fd
File: t1fjd.fd 2006/01/25 Fontinst v1.926 font definitions for T1/fjd.
)

Package hyperref Warning: Difference (2) between bookmark levels is greater 
(hyperref)                than one, level fixed on input line 44.


LaTeX Font Warning: Font shape `T1/cmr/m/n' in size <23.91684> not available
(Font)              size <24.88> substituted on input line 44.


LaTeX Font Warning: Font shape `T1/cmr/m/n' in size <33.3878> not available
(Font)              size <35.83> substituted on input line 44.


Package wrapfig Warning: wraptable used inside a conflicting environment on inp
ut line 44.


Package wrapfig Warning: wraptable used inside a conflicting environment on inp
ut line 44.


Package wrapfig Warning: wraptable used inside a conflicting environment on inp
ut line 44.


Package wrapfig Warning: wraptable used inside a conflicting environment on inp
ut line 44.

)

Package Fancyhdr Warning: \headheight is too small (12.0pt): 
 Make it at least 14.49998pt.
 We now make it that large for the rest of the document.
 This may cause the page layout to be inconsistent, however.

[4

 <./pic/hafer.jpg> <./pic/porridge.jpg>]
\openout2 = `tex/gruener-salat.aux'.

 (./tex/gruener-salat.tex
<pic/gruener-salat.jpg, id=199, 81.906pt x 54.4434pt>
File: pic/gruener-salat.jpg Graphic file (type jpg)

<use pic/gruener-salat.jpg>
Package pdftex.def Info: pic/gruener-salat.jpg used on input line 41.
(pdftex.def)             Requested size: 256.85669pt x 170.73412pt.
 <pic/salatkopf.jpg, id=200, 501.875pt x 501.875pt>
File: pic/salatkopf.jpg Graphic file (type jpg)

<use pic/salatkopf.jpg>
Package pdftex.def Info: pic/salatkopf.jpg used on input line 41.
(pdftex.def)             Requested size: 170.71947pt x 170.71947pt.


Package wrapfig Warning: wraptable used inside a conflicting environment on inp
ut line 41.


Package wrapfig Warning: wraptable used inside a conflicting environment on inp
ut line 41.

)

Package Fancyhdr Warning: \headheight is too small (12.0pt): 
 Make it at least 14.49998pt.
 We now make it that large for the rest of the document.
 This may cause the page layout to be inconsistent, however.

[5


 <./pic/gruener-salat.jpg> <./pic/salatkopf.jpg>]
\openout2 = `tex/bolognese.aux'.

 (./tex/bolognese.tex
<pic/tomaten.jpg, id=205, 642.4pt x 428.60126pt>
File: pic/tomaten.jpg Graphic file (type jpg)
 <use pic/tomaten.jpg>
Package pdftex.def Info: pic/tomaten.jpg used on input line 45.
(pdftex.def)             Requested size: 184.23276pt x 122.91779pt.

<pic/bolognese-vegi.jpeg, id=206, 582.175pt x 327.2225pt>
File: pic/bolognese-vegi.jpeg Graphic file (type jpg)

<use pic/bolognese-vegi.jpeg>
Package pdftex.def Info: pic/bolognese-vegi.jpeg used on input line 45.
(pdftex.def)             Requested size: 303.72768pt x 170.71588pt.


Package wrapfig Warning: wraptable used inside a conflicting environment on inp
ut line 45.


Package wrapfig Warning: wraptable used inside a conflicting environment on inp
ut line 45.


Package wrapfig Warning: wraptable used inside a conflicting environment on inp
ut line 45.


Package wrapfig Warning: wraptable used inside a conflicting environment on inp
ut line 45.

)

Package Fancyhdr Warning: \headheight is too small (12.0pt): 
 Make it at least 14.49998pt.
 We now make it that large for the rest of the document.
 This may cause the page layout to be inconsistent, however.

[6


 <./pic/tomaten.jpg> <./pic/bolognese-vegi.jpeg>]
\openout2 = `tex/vegetarische-bolognese.aux'.


(./tex/vegetarische-bolognese.tex
<pic/bolognese.jpg, id=211, 501.875pt x 335.2525pt>
File: pic/bolognese.jpg Graphic file (type jpg)
 <use pic/bolognese.jpg>
Package pdftex.def Info: pic/bolognese.jpg used on input line 47.
(pdftex.def)             Requested size: 255.5623pt x 170.71562pt.

<pic/parmesan.jpg, id=212, 426.59375pt x 426.59375pt>
File: pic/parmesan.jpg Graphic file (type jpg)
 <use pic/parmesan.jpg>
Package pdftex.def Info: pic/parmesan.jpg used on input line 47.
(pdftex.def)             Requested size: 170.71909pt x 170.71909pt.


Package wrapfig Warning: wraptable used inside a conflicting environment on inp
ut line 47.


Package wrapfig Warning: wraptable used inside a conflicting environment on inp
ut line 47.


Package wrapfig Warning: wraptable used inside a conflicting environment on inp
ut line 47.


Package wrapfig Warning: wraptable used inside a conflicting environment on inp
ut line 47.


Package wrapfig Warning: wraptable used inside a conflicting environment on inp
ut line 47.

)

Package Fancyhdr Warning: \headheight is too small (12.0pt): 
 Make it at least 14.49998pt.
 We now make it that large for the rest of the document.
 This may cause the page layout to be inconsistent, however.

[7


 <./pic/bolognese.jpg> <./pic/parmesan.jpg>]
\openout2 = `tex/griechischer-salat.aux'.

 (./tex/griechischer-salat.tex
<pic/peperoni.jpg, id=218, 488.82625pt x 290.08376pt>
File: pic/peperoni.jpg Graphic file (type jpg)
 <use pic/peperoni.jpg>
Package pdftex.def Info: pic/peperoni.jpg used on input line 41.
(pdftex.def)             Requested size: 184.23428pt x 109.33pt.

<pic/griechischer-salat.jpg, id=219, 391.4625pt x 258.9675pt>
File: pic/griechischer-salat.jpg Graphic file (type jpg)

<use pic/griechischer-salat.jpg>
Package pdftex.def Info: pic/griechischer-salat.jpg used on input line 41.
(pdftex.def)             Requested size: 258.07335pt x 170.72543pt.


Package wrapfig Warning: wraptable used inside a conflicting environment on inp
ut line 41.

)

Package Fancyhdr Warning: \headheight is too small (12.0pt): 
 Make it at least 14.49998pt.
 We now make it that large for the rest of the document.
 This may cause the page layout to be inconsistent, however.

[8


 <./pic/peperoni.jpg> <./pic/griechischer-salat.jpg>]
\openout2 = `tex/gemuesecurry.aux'.

 (./tex/gemuesecurry.tex <pic/gemuese.jpg, id=224, 572.1375pt x 157.58875pt>
File: pic/gemuese.jpg Graphic file (type jpg)
 <use pic/gemuese.jpg>
Package pdftex.def Info: pic/gemuese.jpg used on input line 47.
(pdftex.def)             Requested size: 315.82896pt x 86.99147pt.

<pic/gemuesecurry.jpg, id=225, 441.65pt x 291.0875pt>
File: pic/gemuesecurry.jpg Graphic file (type jpg)

<use pic/gemuesecurry.jpg>
Package pdftex.def Info: pic/gemuesecurry.jpg used on input line 47.
(pdftex.def)             Requested size: 184.23152pt x 121.42532pt.


Package wrapfig Warning: wraptable used inside a conflicting environment on inp
ut line 47.


Package wrapfig Warning: wraptable used inside a conflicting environment on inp
ut line 47.


Overfull \hbox (14.3534pt too wide) in paragraph at lines 47--47
[][]\T1/cmr/m/n/12 Das Gemse-curry wird in Fachkreisen als "Rein-schmeigerich
t"
 []

)

Package Fancyhdr Warning: \headheight is too small (12.0pt): 
 Make it at least 14.49998pt.
 We now make it that large for the rest of the document.
 This may cause the page layout to be inconsistent, however.

[9


 <./pic/gemuese.jpg> <./pic/gemuesecurry.jpg>]
\openout2 = `tex/chili-sin-carne.aux'.

 (./tex/chili-sin-carne.tex
<pic/chili.jpg, id=230, 566.115pt x 375.4025pt>
File: pic/chili.jpg Graphic file (type jpg)
 <use pic/chili.jpg>
Package pdftex.def Info: pic/chili.jpg used on input line 43.
(pdftex.def)             Requested size: 184.2357pt x 122.17047pt.

<pic/chilibohnen.jpg, id=231, 574.145pt x 248.93pt>
File: pic/chilibohnen.jpg Graphic file (type jpg)
 <use pic/chilibohnen.jpg>
Package pdftex.def Info: pic/chilibohnen.jpg used on input line 43.
(pdftex.def)             Requested size: 315.83328pt x 136.93471pt.


Package wrapfig Warning: wraptable used inside a conflicting environment on inp
ut line 43.


Package wrapfig Warning: wraptable used inside a conflicting environment on inp
ut line 43.


Package wrapfig Warning: wraptable used inside a conflicting environment on inp
ut line 43.

)

Package Fancyhdr Warning: \headheight is too small (12.0pt): 
 Make it at least 14.49998pt.
 We now make it that large for the rest of the document.
 This may cause the page layout to be inconsistent, however.

[10


 <./pic/chili.jpg> <./pic/chilibohnen.jpg>]
\openout2 = `tex/gurkensalat.aux'.

 (./tex/gurkensalat.tex
<pic/gurkensalat.jpg, id=236, 391.4625pt x 282.05376pt>
File: pic/gurkensalat.jpg Graphic file (type jpg)

<use pic/gurkensalat.jpg>
Package pdftex.def Info: pic/gurkensalat.jpg used on input line 47.
(pdftex.def)             Requested size: 236.94006pt x 170.71835pt.
 <pic/gurke.jpg, id=237, 264.99pt x 221.82875pt>
File: pic/gurke.jpg Graphic file (type jpg)

<use pic/gurke.jpg>
Package pdftex.def Info: pic/gurke.jpg used on input line 47.
(pdftex.def)             Requested size: 184.23422pt x 154.22636pt.


Package wrapfig Warning: wraptable used inside a conflicting environment on inp
ut line 47.


Package wrapfig Warning: wraptable used inside a conflicting environment on inp
ut line 47.


Package wrapfig Warning: wraptable used inside a conflicting environment on inp
ut line 47.

<note-brotmahlzeit-crop.pdf, id=238, 196.735pt x 204.765pt>
File: note-brotmahlzeit-crop.pdf Graphic file (type pdf)

<use note-brotmahlzeit-crop.pdf>
Package pdftex.def Info: note-brotmahlzeit-crop.pdf used on input line 47.
(pdftex.def)             Requested size: 196.7345pt x 204.76448pt.

Overfull \hbox (27.77948pt too wide) in paragraph at lines 47--47
[] 
 []

)

Package Fancyhdr Warning: \headheight is too small (12.0pt): 
 Make it at least 14.49998pt.
 We now make it that large for the rest of the document.
 This may cause the page layout to be inconsistent, however.

[11


 <./note-brotmahlzeit-crop.pdf> <./pic/gurkensalat.jpg> <./pic/gurke.jpg>]
\openout2 = `tex/bratkartoffeln-sour-cream.aux'.


(./tex/bratkartoffeln-sour-cream.tex
<pic/bratkartoffeln.jpeg, id=255, 513.92pt x 342.27875pt>
File: pic/bratkartoffeln.jpeg Graphic file (type jpg)

<use pic/bratkartoffeln.jpeg>
Package pdftex.def Info: pic/bratkartoffeln.jpeg used on input line 38.
(pdftex.def)             Requested size: 184.23471pt x 122.70319pt.

<pic/kartoffeln.jpg, id=256, 565.11125pt x 318.18875pt>
File: pic/kartoffeln.jpg Graphic file (type jpg)

<use pic/kartoffeln.jpg>
Package pdftex.def Info: pic/kartoffeln.jpg used on input line 38.
(pdftex.def)             Requested size: 303.1895pt x 170.71237pt.


Package wrapfig Warning: wraptable used inside a conflicting environment on inp
ut line 38.


Package wrapfig Warning: wraptable used inside a conflicting environment on inp
ut line 38.


Package wrapfig Warning: wraptable used inside a conflicting environment on inp
ut line 38.

)

Package Fancyhdr Warning: \headheight is too small (12.0pt): 
 Make it at least 14.49998pt.
 We now make it that large for the rest of the document.
 This may cause the page layout to be inconsistent, however.

[12


 <./pic/bratkartoffeln.jpeg> <./pic/kartoffeln.jpg>]
\openout2 = `tex/kartoffelgulasch.aux'.


(./tex/kartoffelgulasch.tex <pic/gulasch.png, id=261, 351.3125pt x 250.9375pt>
File: pic/gulasch.png Graphic file (type png)

<use pic/gulasch.png>
Package pdftex.def Info: pic/gulasch.png used on input line 41.
(pdftex.def)             Requested size: 239.01262pt x 170.7233pt.

<pic/kartoffelgulasch.png, id=263, 424.58624pt x 326.21875pt>
File: pic/kartoffelgulasch.png Graphic file (type png)

<use pic/kartoffelgulasch.png>
Package pdftex.def Info: pic/kartoffelgulasch.png used on input line 41.
(pdftex.def)             Requested size: 184.23354pt x 141.55058pt.


Package wrapfig Warning: wraptable used inside a conflicting environment on inp
ut line 41.


Package wrapfig Warning: wraptable used inside a conflicting environment on inp
ut line 41.


Package wrapfig Warning: wraptable used inside a conflicting environment on inp
ut line 41.

)

Package Fancyhdr Warning: \headheight is too small (12.0pt): 
 Make it at least 14.49998pt.
 We now make it that large for the rest of the document.
 This may cause the page layout to be inconsistent, however.

[13


 <./pic/gulasch.png> <./pic/kartoffelgulasch.png>]
\openout2 = `tex/spaetzle-linsen.aux'.


(./tex/spaetzle-linsen.tex
<pic/spaetzle-linsen.jpg, id=271, 501.875pt x 345.29pt>
File: pic/spaetzle-linsen.jpg Graphic file (type jpg)

<use pic/spaetzle-linsen.jpg>
Package pdftex.def Info: pic/spaetzle-linsen.jpg used on input line 44.
(pdftex.def)             Requested size: 184.23582pt x 126.75424pt.
 <pic/linsen.jpg, id=272, 810.02625pt x 393.47pt>
File: pic/linsen.jpg Graphic file (type jpg)

<use pic/linsen.jpg>
Package pdftex.def Info: pic/linsen.jpg used on input line 44.
(pdftex.def)             Requested size: 315.8348pt x 153.41664pt.


Package wrapfig Warning: wraptable used inside a conflicting environment on inp
ut line 44.


Package wrapfig Warning: wraptable used inside a conflicting environment on inp
ut line 44.


Package wrapfig Warning: wraptable used inside a conflicting environment on inp
ut line 44.

)

Package Fancyhdr Warning: \headheight is too small (12.0pt): 
 Make it at least 14.49998pt.
 We now make it that large for the rest of the document.
 This may cause the page layout to be inconsistent, however.

[14


 <./pic/spaetzle-linsen.jpg> <./pic/linsen.jpg>]
\openout2 = `tex/krautnudeln.aux'.

 (./tex/krautnudeln.tex
<pic/krautnudeln.jpg, id=277, 513.92pt x 340.27126pt>
File: pic/krautnudeln.jpg Graphic file (type jpg)

<use pic/krautnudeln.jpg>
Package pdftex.def Info: pic/krautnudeln.jpg used on input line 40.
(pdftex.def)             Requested size: 257.83763pt x 170.71672pt.
 <pic/krautkopf.jpg, id=278, 72.27pt x 72.27pt>
File: pic/krautkopf.jpg Graphic file (type jpg)

<use pic/krautkopf.jpg>
Package pdftex.def Info: pic/krautkopf.jpg used on input line 40.
(pdftex.def)             Requested size: 170.7255pt x 170.7255pt.


Package wrapfig Warning: wraptable used inside a conflicting environment on inp
ut line 40.


Package wrapfig Warning: wraptable used inside a conflicting environment on inp
ut line 40.

)

Package Fancyhdr Warning: \headheight is too small (12.0pt): 
 Make it at least 14.49998pt.
 We now make it that large for the rest of the document.
 This may cause the page layout to be inconsistent, however.

[15


 <./pic/krautnudeln.jpg> <./pic/krautkopf.jpg>]
\openout2 = `tex/gemueseeintopf.aux'.

 (./tex/gemueseeintopf.tex
<pic/gemueseeintopf.jpg, id=283, 602.25pt x 401.5pt>
File: pic/gemueseeintopf.jpg Graphic file (type jpg)

<use pic/gemueseeintopf.jpg>
Package pdftex.def Info: pic/gemueseeintopf.jpg used on input line 41.
(pdftex.def)             Requested size: 184.23276pt x 122.82184pt.

<pic/gemueseeintopf2.jpg, id=284, 674.52pt x 379.4175pt>
File: pic/gemueseeintopf2.jpg Graphic file (type jpg)

<use pic/gemueseeintopf2.jpg>
Package pdftex.def Info: pic/gemueseeintopf2.jpg used on input line 41.
(pdftex.def)             Requested size: 303.50032pt x 170.71892pt.


Package wrapfig Warning: wraptable used inside a conflicting environment on inp
ut line 41.


Package wrapfig Warning: wraptable used inside a conflicting environment on inp
ut line 41.


Package wrapfig Warning: wraptable used inside a conflicting environment on inp
ut line 41.

)

Package Fancyhdr Warning: \headheight is too small (12.0pt): 
 Make it at least 14.49998pt.
 We now make it that large for the rest of the document.
 This may cause the page layout to be inconsistent, however.

[16


 <./pic/gemueseeintopf.jpg> <./pic/gemueseeintopf2.jpg>]
\openout2 = `tex/tuerkische-linsensuppe.aux'.


(./tex/tuerkische-linsensuppe.tex
<pic/tuerkische-linsensuppe.jpg, id=289, 602.25pt x 450.68375pt>
File: pic/tuerkische-linsensuppe.jpg Graphic file (type jpg)

<use pic/tuerkische-linsensuppe.jpg>
Package pdftex.def Info: pic/tuerkische-linsensuppe.jpg used on input line 45.
(pdftex.def)             Requested size: 228.1314pt x 170.71832pt.

<pic/rote-linsen.jpg, id=290, 562.1pt x 375.4025pt>
File: pic/rote-linsen.jpg Graphic file (type jpg)
 <use pic/rote-linsen.jpg>
Package pdftex.def Info: pic/rote-linsen.jpg used on input line 45.
(pdftex.def)             Requested size: 184.23276pt x 123.04115pt.


Package wrapfig Warning: wraptable used inside a conflicting environment on inp
ut line 45.


Package wrapfig Warning: wraptable used inside a conflicting environment on inp
ut line 45.


Package wrapfig Warning: wraptable used inside a conflicting environment on inp
ut line 45.


Package wrapfig Warning: wraptable used inside a conflicting environment on inp
ut line 45.

)

Package Fancyhdr Warning: \headheight is too small (12.0pt): 
 Make it at least 14.49998pt.
 We now make it that large for the rest of the document.
 This may cause the page layout to be inconsistent, however.

[17


 <./pic/tuerkische-linsensuppe.jpg> <./pic/rote-linsen.jpg>]
\openout2 = `tex/spinat-sahne-sauce.aux'.


(./tex/spinat-sahne-sauce.tex
<pic/spinat-sahne-sauce.jpg, id=295, 507.8975pt x 578.16pt>
File: pic/spinat-sahne-sauce.jpg Graphic file (type jpg)

<use pic/spinat-sahne-sauce.jpg>
Package pdftex.def Info: pic/spinat-sahne-sauce.jpg used on input line 42.
(pdftex.def)             Requested size: 149.96796pt x 170.71451pt.

<pic/spinat.jpg, id=296, 598.235pt x 336.25626pt>
File: pic/spinat.jpg Graphic file (type jpg)
 <use pic/spinat.jpg>
Package pdftex.def Info: pic/spinat.jpg used on input line 42.
(pdftex.def)             Requested size: 303.72656pt x 170.71878pt.


Package wrapfig Warning: wraptable used inside a conflicting environment on inp
ut line 42.


Package wrapfig Warning: wraptable used inside a conflicting environment on inp
ut line 42.

)

Package Fancyhdr Warning: \headheight is too small (12.0pt): 
 Make it at least 14.49998pt.
 We now make it that large for the rest of the document.
 This may cause the page layout to be inconsistent, however.

[18


 <./pic/spinat-sahne-sauce.jpg> <./pic/spinat.jpg>]
\openout2 = `tex/schinken-sahne-sauce.aux'.


(./tex/schinken-sahne-sauce.tex <pic/nudeln.jpg, id=301, 642.4pt x 361.35pt>
File: pic/nudeln.jpg Graphic file (type jpg)

<use pic/nudeln.jpg>
Package pdftex.def Info: pic/nudeln.jpg used on input line 42.
(pdftex.def)             Requested size: 303.4964pt x 170.71672pt.

<pic/schinken-sahne-sauce.jpg, id=302, 445.665pt x 513.92pt>
File: pic/schinken-sahne-sauce.jpg Graphic file (type jpg)

<use pic/schinken-sahne-sauce.jpg>
Package pdftex.def Info: pic/schinken-sahne-sauce.jpg used on input line 42.
(pdftex.def)             Requested size: 148.04234pt x 170.71548pt.


Package wrapfig Warning: wraptable used inside a conflicting environment on inp
ut line 42.


Package wrapfig Warning: wraptable used inside a conflicting environment on inp
ut line 42.


Package wrapfig Warning: wraptable used inside a conflicting environment on inp
ut line 42.


Package wrapfig Warning: wraptable used inside a conflicting environment on inp
ut line 42.

)

Package Fancyhdr Warning: \headheight is too small (12.0pt): 
 Make it at least 14.49998pt.
 We now make it that large for the rest of the document.
 This may cause the page layout to be inconsistent, however.

[19


 <./pic/nudeln.jpg> <./pic/schinken-sahne-sauce.jpg>]
\openout2 = `tex/eier-in-senfsosse.aux'.


(./tex/eier-in-senfsosse.tex
<pic/eier-in-senfsosse.jpg, id=308, 381.425pt x 249.93375pt>
File: pic/eier-in-senfsosse.jpg Graphic file (type jpg)

<use pic/eier-in-senfsosse.jpg>
Package pdftex.def Info: pic/eier-in-senfsosse.jpg used on input line 42.
(pdftex.def)             Requested size: 184.23428pt x 120.72194pt.
 <pic/eier.jpg, id=309, 602.25pt x 240.9pt>
File: pic/eier.jpg Graphic file (type jpg)

<use pic/eier.jpg>
Package pdftex.def Info: pic/eier.jpg used on input line 42.
(pdftex.def)             Requested size: 315.83678pt x 126.3347pt.


Package wrapfig Warning: wraptable used inside a conflicting environment on inp
ut line 42.


Package wrapfig Warning: wraptable used inside a conflicting environment on inp
ut line 42.


Package wrapfig Warning: wraptable used inside a conflicting environment on inp
ut line 42.

)

Package Fancyhdr Warning: \headheight is too small (12.0pt): 
 Make it at least 14.49998pt.
 We now make it that large for the rest of the document.
 This may cause the page layout to be inconsistent, however.

[20


 <./pic/eier-in-senfsosse.jpg> <./pic/eier.jpg>]
\openout2 = `tex/gruene-sose.aux'.

 (./tex/gruene-sose.tex
<pic/gruene-kaeuter.jpg, id=314, 481.8pt x 240.9pt>
File: pic/gruene-kaeuter.jpg Graphic file (type jpg)

<use pic/gruene-kaeuter.jpg>
Package pdftex.def Info: pic/gruene-kaeuter.jpg used on input line 41.
(pdftex.def)             Requested size: 315.83493pt x 157.91747pt.

<pic/gruene-sauce.jpg, id=315, 602.25pt x 401.5pt>
File: pic/gruene-sauce.jpg Graphic file (type jpg)
 <use pic/gruene-sauce.jpg>
Package pdftex.def Info: pic/gruene-sauce.jpg used on input line 41.
(pdftex.def)             Requested size: 184.23276pt x 122.82184pt.


Package wrapfig Warning: wraptable used inside a conflicting environment on inp
ut line 41.


Package wrapfig Warning: wraptable used inside a conflicting environment on inp
ut line 41.

)

Package Fancyhdr Warning: \headheight is too small (12.0pt): 
 Make it at least 14.49998pt.
 We now make it that large for the rest of the document.
 This may cause the page layout to be inconsistent, however.

[21


 <./pic/gruene-kaeuter.jpg> <./pic/gruene-sauce.jpg>]
\openout2 = `tex/kartoffelsalat.aux'.


(./tex/kartoffelsalat.tex
File: pic/kartoffeln.jpg Graphic file (type jpg)
 <use pic/kartoffeln.jpg>
Package pdftex.def Info: pic/kartoffeln.jpg used on input line 43.
(pdftex.def)             Requested size: 184.22809pt x 103.73055pt.

<pic/kartoffelsalat.jpg, id=320, 471.7625pt x 264.99pt>
File: pic/kartoffelsalat.jpg Graphic file (type jpg)

<use pic/kartoffelsalat.jpg>
Package pdftex.def Info: pic/kartoffelsalat.jpg used on input line 43.
(pdftex.def)             Requested size: 303.92815pt x 170.71709pt.


Package wrapfig Warning: wraptable used inside a conflicting environment on inp
ut line 43.


Package wrapfig Warning: wraptable used inside a conflicting environment on inp
ut line 43.


Package wrapfig Warning: wraptable used inside a conflicting environment on inp
ut line 43.

)

Package Fancyhdr Warning: \headheight is too small (12.0pt): 
 Make it at least 14.49998pt.
 We now make it that large for the rest of the document.
 This may cause the page layout to be inconsistent, however.

[22


 <./pic/kartoffelsalat.jpg>]
\openout2 = `tex/kaesespaetzle.aux'.

 (./tex/kaesespaetzle.tex
<pic/kaesespaetzle.jpg, id=325, 481.8pt x 321.2pt>
File: pic/kaesespaetzle.jpg Graphic file (type jpg)
 <use pic/kaesespaetzle.jpg>
Package pdftex.def Info: pic/kaesespaetzle.jpg used on input line 40.
(pdftex.def)             Requested size: 256.0806pt x 170.7204pt.

<pic/spaetzle-zutaten.jpg, id=326, 344.28625pt x 229.85875pt>
File: pic/spaetzle-zutaten.jpg Graphic file (type jpg)

<use pic/spaetzle-zutaten.jpg>
Package pdftex.def Info: pic/spaetzle-zutaten.jpg used on input line 40.
(pdftex.def)             Requested size: 184.23596pt x 123.00302pt.


Package wrapfig Warning: wraptable used inside a conflicting environment on inp
ut line 40.


Package wrapfig Warning: wraptable used inside a conflicting environment on inp
ut line 40.

)

Package Fancyhdr Warning: \headheight is too small (12.0pt): 
 Make it at least 14.49998pt.
 We now make it that large for the rest of the document.
 This may cause the page layout to be inconsistent, however.

[23


 <./pic/kaesespaetzle.jpg> <./pic/spaetzle-zutaten.jpg>]
\openout2 = `tex/risotto.aux'.

 (./tex/risotto.tex
<pic/risotto.jpg, id=331, 547.04375pt x 364.36125pt>
File: pic/risotto.jpg Graphic file (type jpg)
 <use pic/risotto.jpg>
Package pdftex.def Info: pic/risotto.jpg used on input line 43.
(pdftex.def)             Requested size: 184.23114pt x 122.70808pt.

<pic/risottoreis.jpg, id=332, 513.92pt x 340.27126pt>
File: pic/risottoreis.jpg Graphic file (type jpg)

<use pic/risottoreis.jpg>
Package pdftex.def Info: pic/risottoreis.jpg used on input line 43.
(pdftex.def)             Requested size: 257.83763pt x 170.71672pt.


Package wrapfig Warning: wraptable used inside a conflicting environment on inp
ut line 43.


Package wrapfig Warning: wraptable used inside a conflicting environment on inp
ut line 43.


Package wrapfig Warning: wraptable used inside a conflicting environment on inp
ut line 43.

)

Package Fancyhdr Warning: \headheight is too small (12.0pt): 
 Make it at least 14.49998pt.
 We now make it that large for the rest of the document.
 This may cause the page layout to be inconsistent, however.

[24


 <./pic/risotto.jpg> <./pic/risottoreis.jpg>]
\openout2 = `tex/milchreis.aux'.

 (./tex/milchreis.tex
<pic/milchreis.jpg, id=338, 496.85625pt x 263.48438pt>
File: pic/milchreis.jpg Graphic file (type jpg)
 <use pic/milchreis.jpg>
Package pdftex.def Info: pic/milchreis.jpg used on input line 38.
(pdftex.def)             Requested size: 315.83379pt x 167.48761pt.

<pic/obst.jpg, id=339, 286.06876pt x 321.2pt>
File: pic/obst.jpg Graphic file (type jpg)
 <use pic/obst.jpg>
Package pdftex.def Info: pic/obst.jpg used on input line 38.
(pdftex.def)             Requested size: 152.04785pt x 170.7204pt.


Package wrapfig Warning: wraptable used inside a conflicting environment on inp
ut line 38.


Package wrapfig Warning: wraptable used inside a conflicting environment on inp
ut line 38.


Package wrapfig Warning: wraptable used inside a conflicting environment on inp
ut line 38.


Package wrapfig Warning: wraptable used inside a conflicting environment on inp
ut line 38.

)

Package Fancyhdr Warning: \headheight is too small (12.0pt): 
 Make it at least 14.49998pt.
 We now make it that large for the rest of the document.
 This may cause the page layout to be inconsistent, however.

[25


 <./pic/milchreis.jpg> <./pic/obst.jpg>]
\openout2 = `4-sos.aux'.

 (./4-sos.tex
LaTeX Font Info:    Try loading font information for OMS+cmr on input line 6.

(/usr/local/texlive/2015/texmf-dist/tex/latex/base/omscmr.fd
File: omscmr.fd 2014/09/29 v2.5h Standard LaTeX font definitions
)
LaTeX Font Info:    Font shape `OMS/cmr/m/n' in size <12> not available
(Font)              Font shape `OMS/cmsy/m/n' tried instead on input line 6.
)

Package Fancyhdr Warning: \headheight is too small (12.0pt): 
 Make it at least 15.04742pt.
 We now make it that large for the rest of the document.
 This may cause the page layout to be inconsistent, however.

[26


]
\openout2 = `5-wissen.aux'.

 (./5-wissen.tex
LaTeX Font Info:    External font `cmex10' loaded for size
(Font)              <17.28> on input line 2.


Package hyperref Warning: Token not allowed in a PDF string (PDFDocEncoding):
(hyperref)                removing `\begingroup' on input line 2.


Package hyperref Warning: Token not allowed in a PDF string (PDFDocEncoding):
(hyperref)                removing `\setbox' on input line 2.


Package hyperref Warning: Token not allowed in a PDF string (PDFDocEncoding):
(hyperref)                removing `\@tempboxa' on input line 2.


Package hyperref Warning: Token not allowed in a PDF string (PDFDocEncoding):
(hyperref)                removing `\hbox' on input line 2.


Package hyperref Warning: Token not allowed in a PDF string (PDFDocEncoding):
(hyperref)                removing `\color@begingroup' on input line 2.


Package hyperref Warning: Token not allowed in a PDF string (PDFDocEncoding):
(hyperref)                removing `\mathsurround' on input line 2.


Package hyperref Warning: Token not allowed in a PDF string (PDFDocEncoding):
(hyperref)                removing `\z@' on input line 2.


Package hyperref Warning: Token not allowed in a PDF string (PDFDocEncoding):
(hyperref)                removing `math shift' on input line 2.


Package hyperref Warning: Token not allowed in a PDF string (PDFDocEncoding):
(hyperref)                removing `\hbox' on input line 2.


Package hyperref Warning: Token not allowed in a PDF string (PDFDocEncoding):
(hyperref)                removing `math shift' on input line 2.


Package hyperref Warning: Token not allowed in a PDF string (PDFDocEncoding):
(hyperref)                removing `\endgraf' on input line 2.


Package hyperref Warning: Token not allowed in a PDF string (PDFDocEncoding):
(hyperref)                removing `\endgroup' on input line 2.


Package hyperref Warning: Token not allowed in a PDF string (PDFDocEncoding):
(hyperref)                removing `\<def>-command' on input line 2.


Package hyperref Warning: Token not allowed in a PDF string (PDFDocEncoding):
(hyperref)                removing `\width' on input line 2.


Package hyperref Warning: Token not allowed in a PDF string (PDFDocEncoding):
(hyperref)                removing `\<def>-command' on input line 2.


Package hyperref Warning: Token not allowed in a PDF string (PDFDocEncoding):
(hyperref)                removing `\height' on input line 2.


Package hyperref Warning: Token not allowed in a PDF string (PDFDocEncoding):
(hyperref)                removing `\<def>-command' on input line 2.


Package hyperref Warning: Token not allowed in a PDF string (PDFDocEncoding):
(hyperref)                removing `\depth' on input line 2.


Package hyperref Warning: Token not allowed in a PDF string (PDFDocEncoding):
(hyperref)                removing `\<let>-command' on input line 2.


Package hyperref Warning: Token not allowed in a PDF string (PDFDocEncoding):
(hyperref)                removing `\totalheight' on input line 2.


Package hyperref Warning: Token not allowed in a PDF string (PDFDocEncoding):
(hyperref)                removing `\@ovri' on input line 2.


Package hyperref Warning: Token not allowed in a PDF string (PDFDocEncoding):
(hyperref)                removing `\totalheight' on input line 2.


Package hyperref Warning: Token not allowed in a PDF string (PDFDocEncoding):
(hyperref)                removing `\height' on input line 2.


Package hyperref Warning: Token not allowed in a PDF string (PDFDocEncoding):
(hyperref)                removing `\advance' on input line 2.


Package hyperref Warning: Token not allowed in a PDF string (PDFDocEncoding):
(hyperref)                removing `\totalheight' on input line 2.


Package hyperref Warning: Token not allowed in a PDF string (PDFDocEncoding):
(hyperref)                removing `\depth' on input line 2.


Package hyperref Warning: Token not allowed in a PDF string (PDFDocEncoding):
(hyperref)                removing `\dimen@' on input line 2.


Package hyperref Warning: Token not allowed in a PDF string (PDFDocEncoding):
(hyperref)                removing `\height' on input line 2.


Package hyperref Warning: Token not allowed in a PDF string (PDFDocEncoding):
(hyperref)                removing `\setbox' on input line 2.


Package hyperref Warning: Token not allowed in a PDF string (PDFDocEncoding):
(hyperref)                removing `\@tempboxa' on input line 2.


Package hyperref Warning: Token not allowed in a PDF string (PDFDocEncoding):
(hyperref)                removing `\hbox' on input line 2.


Package hyperref Warning: Token not allowed in a PDF string (PDFDocEncoding):
(hyperref)                removing `math shift' on input line 2.


Package hyperref Warning: Token not allowed in a PDF string (PDFDocEncoding):
(hyperref)                removing `\mathsurround' on input line 2.


Package hyperref Warning: Token not allowed in a PDF string (PDFDocEncoding):
(hyperref)                removing `\z@' on input line 2.


Package hyperref Warning: Token not allowed in a PDF string (PDFDocEncoding):
(hyperref)                removing `\vcenter' on input line 2.


Package hyperref Warning: Token not allowed in a PDF string (PDFDocEncoding):
(hyperref)                removing `\box' on input line 2.


Package hyperref Warning: Token not allowed in a PDF string (PDFDocEncoding):
(hyperref)                removing `\@tempboxa' on input line 2.


Package hyperref Warning: Token not allowed in a PDF string (PDFDocEncoding):
(hyperref)                removing `math shift' on input line 2.


Package hyperref Warning: Token not allowed in a PDF string (PDFDocEncoding):
(hyperref)                removing `\advance' on input line 2.


Package hyperref Warning: Token not allowed in a PDF string (PDFDocEncoding):
(hyperref)                removing `\dimen@' on input line 2.


Package hyperref Warning: Token not allowed in a PDF string (PDFDocEncoding):
(hyperref)                removing `\height' on input line 2.


Package hyperref Warning: Token not allowed in a PDF string (PDFDocEncoding):
(hyperref)                removing `\unitlength' on input line 2.


Package hyperref Warning: Token not allowed in a PDF string (PDFDocEncoding):
(hyperref)                removing `\p@' on input line 2.


Package hyperref Warning: Token not allowed in a PDF string (PDFDocEncoding):
(hyperref)                removing `\<let>-command' on input line 2.


Package hyperref Warning: Token not allowed in a PDF string (PDFDocEncoding):
(hyperref)                removing `\@linefnt' on input line 2.


Package hyperref Warning: Token not allowed in a PDF string (PDFDocEncoding):
(hyperref)                removing `\tenln' on input line 2.


Package hyperref Warning: Token not allowed in a PDF string (PDFDocEncoding):
(hyperref)                removing `\<let>-command' on input line 2.


Package hyperref Warning: Token not allowed in a PDF string (PDFDocEncoding):
(hyperref)                removing `\@circlefnt' on input line 2.


Package hyperref Warning: Token not allowed in a PDF string (PDFDocEncoding):
(hyperref)                removing `\tencirc' on input line 2.


Package hyperref Warning: Token not allowed in a PDF string (PDFDocEncoding):
(hyperref)                removing `\@wholewidth' on input line 2.


Package hyperref Warning: Token not allowed in a PDF string (PDFDocEncoding):
(hyperref)                removing `\fontdimen' on input line 2.


Package hyperref Warning: Token not allowed in a PDF string (PDFDocEncoding):
(hyperref)                removing `\tenln' on input line 2.


Package hyperref Warning: Token not allowed in a PDF string (PDFDocEncoding):
(hyperref)                removing `\@halfwidth' on input line 2.


Package hyperref Warning: Token not allowed in a PDF string (PDFDocEncoding):
(hyperref)                removing `\@wholewidth' on input line 2.


Package hyperref Warning: Token not allowed in a PDF string (PDFDocEncoding):
(hyperref)                removing `\raise' on input line 2.


Package hyperref Warning: Token not allowed in a PDF string (PDFDocEncoding):
(hyperref)                removing `\dimen@' on input line 2.


Package hyperref Warning: Token not allowed in a PDF string (PDFDocEncoding):
(hyperref)                removing `\hbox' on input line 2.


Package hyperref Warning: Token not allowed in a PDF string (PDFDocEncoding):
(hyperref)                removing `\lineskiplimit' on input line 2.


Package hyperref Warning: Token not allowed in a PDF string (PDFDocEncoding):
(hyperref)                removing `\maxdimen' on input line 2.


Package hyperref Warning: Token not allowed in a PDF string (PDFDocEncoding):
(hyperref)                removing `\vtop' on input line 2.


Package hyperref Warning: Token not allowed in a PDF string (PDFDocEncoding):
(hyperref)                removing `\baselineskip' on input line 2.


Package hyperref Warning: Token not allowed in a PDF string (PDFDocEncoding):
(hyperref)                removing `\z@skip' on input line 2.


Package hyperref Warning: Token not allowed in a PDF string (PDFDocEncoding):
(hyperref)                removing `\lineskip' on input line 2.


Package hyperref Warning: Token not allowed in a PDF string (PDFDocEncoding):
(hyperref)                removing `\everycr' on input line 2.


Package hyperref Warning: Token not allowed in a PDF string (PDFDocEncoding):
(hyperref)                removing `\tabskip' on input line 2.


Package hyperref Warning: Token not allowed in a PDF string (PDFDocEncoding):
(hyperref)                removing `\z@skip' on input line 2.


Package hyperref Warning: Token not allowed in a PDF string (PDFDocEncoding):
(hyperref)                removing `\halign' on input line 2.


Package hyperref Warning: Token not allowed in a PDF string (PDFDocEncoding):
(hyperref)                removing `\@end@tempboxa' on input line 2.

)

Package Fancyhdr Warning: \headheight is too small (12.0pt): 
 Make it at least 15.04742pt.
 We now make it that large for the rest of the document.
 This may cause the page layout to be inconsistent, however.

[27


]
\openout2 = `2-uebersicht.aux'.

 (./2-uebersicht.tex
Overfull \hbox (36.14748pt too wide) in paragraph at lines 14--28
[][] 
 []

)

Package Fancyhdr Warning: \headheight is too small (12.0pt): 
 Make it at least 15.04742pt.
 We now make it that large for the rest of the document.
 This may cause the page layout to be inconsistent, however.

[28]
Package atveryend Info: Empty hook `BeforeClearDocument' on input line 90.
Package atveryend Info: Empty hook `AfterLastShipout' on input line 90.
 (./Kochbuch.aux (./1-vorwort.aux) (./tex/porridge.aux)
(./tex/gruener-salat.aux) (./tex/bolognese.aux)
(./tex/vegetarische-bolognese.aux) (./tex/griechischer-salat.aux)
(./tex/gemuesecurry.aux) (./tex/chili-sin-carne.aux) (./tex/gurkensalat.aux)
(./tex/bratkartoffeln-sour-cream.aux) (./tex/kartoffelgulasch.aux)
(./tex/spaetzle-linsen.aux) (./tex/krautnudeln.aux) (./tex/gemueseeintopf.aux)
(./tex/tuerkische-linsensuppe.aux) (./tex/spinat-sahne-sauce.aux)
(./tex/schinken-sahne-sauce.aux) (./tex/eier-in-senfsosse.aux)
(./tex/gruene-sose.aux) (./tex/kartoffelsalat.aux) (./tex/kaesespaetzle.aux)
(./tex/risotto.aux) (./tex/milchreis.aux) (./4-sos.aux) (./5-wissen.aux)
(./2-uebersicht.aux))
Package atveryend Info: Executing hook `AtVeryEndDocument' on input line 90.
Package atveryend Info: Executing hook `AtEndAfterFileList' on input line 90.
Package rerunfilecheck Info: File `Kochbuch.out' has not changed.
(rerunfilecheck)             Checksum: 86D418DF31A5666B965B3A53CC792E4C;1697.


LaTeX Font Warning: Size substitutions with differences
(Font)              up to 2.4422pt have occurred.

Package atveryend Info: Empty hook `AtVeryVeryEnd' on input line 90.
 ) 
Here is how much of TeX's memory you used:
 18994 strings out of 493027
 348879 string characters out of 6134069
 429991 words of memory out of 5000000
 21840 multiletter control sequences out of 15000+600000
 16377 words of font info for 39 fonts, out of 8000000 for 9000
 1141 hyphenation exceptions out of 8191
 62i,25n,56p,637b,636s stack positions out of 5000i,500n,10000p,200000b,80000s
{/usr/local/texlive/2015/texmf-dist/fonts/enc/dvips/cm-super/cm-super-t1.enc}
{/usr/local/texlive/2015/texmf-dist/fonts/enc/dvips/base/8r.enc}</usr/local/tex
live/2015/texmf-dist/fonts/type1/public/amsfonts/cm/cmsy10.pfb></usr/local/texl
ive/texmf-local/fonts/type1/emerald/fjdmw.pfb></usr/local/texlive/2015/texmf-di
st/fonts/type1/public/amsfonts/latxfont/line10.pfb></usr/local/texlive/2015/tex
mf-dist/fonts/type1/public/cm-super/sfbx1200.pfb></usr/local/texlive/2015/texmf
-dist/fonts/type1/public/cm-super/sfbx1440.pfb></usr/local/texlive/2015/texmf-d
ist/fonts/type1/public/cm-super/sfbx1728.pfb></usr/local/texlive/2015/texmf-dis
t/fonts/type1/public/cm-super/sfbx2488.pfb></usr/local/texlive/2015/texmf-dist/
fonts/type1/public/cm-super/sfrm1200.pfb></usr/local/texlive/2015/texmf-dist/fo
nts/type1/public/cm-super/sfrm1728.pfb></usr/local/texlive/2015/texmf-dist/font
s/type1/public/cm-super/sfrm3583.pfb></usr/local/texlive/2015/texmf-dist/fonts/
type1/public/cm-super/sfti1200.pfb>
Output written on Kochbuch.pdf (28 pages, 3856440 bytes).
PDF statistics:
 418 PDF objects out of 1000 (max. 8388607)
 308 compressed objects within 4 object streams
 61 named destinations out of 1000 (max. 500000)
 462 words of extra memory for PDF output out of 10000 (max. 10000000)

